{"numFailedTestSuites":1,"numFailedTests":0,"numPassedTestSuites":0,"numPassedTests":0,"numPendingTestSuites":0,"numPendingTests":0,"numRuntimeErrorTestSuites":1,"numTodoTests":0,"numTotalTestSuites":1,"numTotalTests":0,"openHandles":[],"snapshot":{"added":0,"didUpdate":false,"failure":false,"filesAdded":0,"filesRemoved":0,"filesRemovedList":[],"filesUnmatched":0,"filesUpdated":0,"matched":0,"total":0,"unchecked":0,"uncheckedKeysByFile":[],"unmatched":0,"updated":0},"startTime":1746886558134,"success":false,"testResults":[{"assertionResults":[],"coverage":{},"endTime":1746886559367,"message":"  \u001b[1m● \u001b[22mTest suite failed to run\n\n    \u001b[31m\u001b[1mConfiguration error\u001b[22m:\u001b[39m\n    \u001b[31m\u001b[39m\n    \u001b[31mCould not locate module \u001b[1m@/stores/familyMembers\u001b[22m mapped as:\u001b[39m\n    \u001b[31m\u001b[1m/Users/brucelee/Documents/GitHub/family-tree/src/$1\u001b[22m.\u001b[39m\n    \u001b[31m\u001b[39m\n    \u001b[31mPlease check your configuration for these entries:\u001b[39m\n    \u001b[31m{\u001b[39m\n    \u001b[31m  \"moduleNameMapper\": {\u001b[39m\n    \u001b[31m    \"/^@\\/(.*)$/\": \"\u001b[1m/Users/brucelee/Documents/GitHub/family-tree/src/$1\u001b[22m\"\u001b[39m\n    \u001b[31m  },\u001b[39m\n    \u001b[31m  \"resolver\": \u001b[1mundefined\u001b[22m\u001b[39m\n    \u001b[31m}\u001b[39m\n\n    \u001b[0m \u001b[90m 11 |\u001b[39m \u001b[36mconst\u001b[39m mockMember\u001b[33m:\u001b[39m \u001b[33mMember\u001b[39m \u001b[33m=\u001b[39m { id\u001b[33m:\u001b[39m \u001b[32m'member-1'\u001b[39m\u001b[33m,\u001b[39m name\u001b[33m:\u001b[39m \u001b[32m'John Doe'\u001b[39m\u001b[33m,\u001b[39m gender\u001b[33m:\u001b[39m \u001b[32m'male'\u001b[39m\u001b[33m,\u001b[39m relation\u001b[33m:\u001b[39m \u001b[32m'self'\u001b[39m }\u001b[33m;\u001b[39m \u001b[90m// Added relation\u001b[39m\n     \u001b[90m 12 |\u001b[39m\n    \u001b[31m\u001b[1m>\u001b[22m\u001b[39m\u001b[90m 13 |\u001b[39m jest\u001b[33m.\u001b[39mmock(\u001b[32m'@/stores/familyMembers'\u001b[39m\u001b[33m,\u001b[39m () \u001b[33m=>\u001b[39m ({ \u001b[90m// Path to be confirmed\u001b[39m\n     \u001b[90m    |\u001b[39m      \u001b[31m\u001b[1m^\u001b[22m\u001b[39m\n     \u001b[90m 14 |\u001b[39m   useFamilyMembersStore\u001b[33m:\u001b[39m jest\u001b[33m.\u001b[39mfn(() \u001b[33m=>\u001b[39m ({\n     \u001b[90m 15 |\u001b[39m     familyMembers\u001b[33m:\u001b[39m [\n     \u001b[90m 16 |\u001b[39m       { id\u001b[33m:\u001b[39m \u001b[32m'member-1'\u001b[39m\u001b[33m,\u001b[39m name\u001b[33m:\u001b[39m \u001b[32m'John Doe'\u001b[39m\u001b[33m,\u001b[39m gender\u001b[33m:\u001b[39m \u001b[32m'male'\u001b[39m\u001b[33m,\u001b[39m relation\u001b[33m:\u001b[39m \u001b[32m'self'\u001b[39m }\u001b[33m,\u001b[39m \u001b[90m// Added relation\u001b[39m\u001b[0m\n\n      \u001b[2mat createNoMappedModuleFoundError (\u001b[22mnode_modules/.pnpm/jest-resolve@29.7.0/node_modules/jest-resolve/build/resolver.js\u001b[2m:759:17)\u001b[22m\n      \u001b[2mat Object.mock (\u001b[22m\u001b[0m\u001b[36msrc/components/generator/__tests__/BatchRelationshipSelector.test.tsx\u001b[39m\u001b[0m\u001b[2m:13:6)\u001b[22m\n","name":"/Users/brucelee/Documents/GitHub/family-tree/src/components/generator/__tests__/BatchRelationshipSelector.test.tsx","startTime":1746886559367,"status":"failed","summary":""}],"wasInterrupted":false,"coverageMap":{"/Users/brucelee/Documents/GitHub/family-tree/src/app/layout.tsx":{"path":"/Users/brucelee/Documents/GitHub/family-tree/src/app/layout.tsx","statementMap":{"0":{"start":{"line":38,"column":24},"end":{"line":38,"column":35}},"1":{"start":{"line":19,"column":13},"end":{"line":19,"column":21}},"2":{"start":{"line":2,"column":35},"end":{"line":2,"column":null}},"3":{"start":{"line":3,"column":7},"end":{"line":3,"column":null}},"4":{"start":{"line":4,"column":19},"end":{"line":4,"column":null}},"5":{"start":{"line":5,"column":19},"end":{"line":5,"column":null}},"6":{"start":{"line":6,"column":29},"end":{"line":6,"column":null}},"7":{"start":{"line":7,"column":19},"end":{"line":7,"column":null}},"8":{"start":{"line":9,"column":14},"end":{"line":12,"column":null}},"9":{"start":{"line":14,"column":19},"end":{"line":17,"column":null}},"10":{"start":{"line":19,"column":34},"end":{"line":36,"column":null}}},"fnMap":{"0":{"name":"RootLayout","decl":{"start":{"line":38,"column":24},"end":{"line":38,"column":35}},"loc":{"start":{"line":42,"column":2},"end":{"line":107,"column":1}}}},"branchMap":{},"s":{"0":0,"1":0,"2":0,"3":0,"4":0,"5":0,"6":0,"7":0,"8":0,"9":0,"10":0},"f":{"0":0},"b":{}},"/Users/brucelee/Documents/GitHub/family-tree/src/components/LoginDialog.tsx":{"path":"/Users/brucelee/Documents/GitHub/family-tree/src/components/LoginDialog.tsx","statementMap":{"0":{"start":{"line":126,"column":0},"end":{"line":126,"column":15}},"1":{"start":{"line":3,"column":18},"end":{"line":3,"column":null}},"2":{"start":{"line":4,"column":98},"end":{"line":4,"column":null}},"3":{"start":{"line":5,"column":23},"end":{"line":5,"column":null}},"4":{"start":{"line":6,"column":52},"end":{"line":6,"column":null}},"5":{"start":{"line":7,"column":37},"end":{"line":7,"column":null}},"6":{"start":{"line":8,"column":24},"end":{"line":8,"column":null}},"7":{"start":{"line":9,"column":52},"end":{"line":9,"column":null}},"8":{"start":{"line":10,"column":21},"end":{"line":10,"column":null}},"9":{"start":{"line":17,"column":48},"end":{"line":124,"column":null}},"10":{"start":{"line":18,"column":20},"end":{"line":18,"column":null}},"11":{"start":{"line":19,"column":36},"end":{"line":19,"column":null}},"12":{"start":{"line":20,"column":28},"end":{"line":20,"column":null}},"13":{"start":{"line":22,"column":28},"end":{"line":63,"column":null}},"14":{"start":{"line":23,"column":4},"end":{"line":23,"column":null}},"15":{"start":{"line":24,"column":4},"end":{"line":24,"column":null}},"16":{"start":{"line":26,"column":4},"end":{"line":62,"column":null}},"17":{"start":{"line":28,"column":23},"end":{"line":28,"column":null}},"18":{"start":{"line":30,"column":6},"end":{"line":30,"column":null}},"19":{"start":{"line":31,"column":6},"end":{"line":31,"column":null}},"20":{"start":{"line":33,"column":6},"end":{"line":35,"column":null}},"21":{"start":{"line":38,"column":21},"end":{"line":38,"column":null}},"22":{"start":{"line":41,"column":22},"end":{"line":41,"column":null}},"23":{"start":{"line":44,"column":6},"end":{"line":47,"column":null}},"24":{"start":{"line":50,"column":6},"end":{"line":50,"column":null}},"25":{"start":{"line":51,"column":6},"end":{"line":51,"column":null}},"26":{"start":{"line":53,"column":6},"end":{"line":53,"column":null}},"27":{"start":{"line":55,"column":25},"end":{"line":55,"column":null}},"28":{"start":{"line":56,"column":6},"end":{"line":58,"column":null}},"29":{"start":{"line":57,"column":8},"end":{"line":57,"column":null}},"30":{"start":{"line":59,"column":6},"end":{"line":59,"column":null}},"31":{"start":{"line":61,"column":6},"end":{"line":61,"column":null}},"32":{"start":{"line":66,"column":48},"end":{"line":66,"column":null}},"33":{"start":{"line":126,"column":15},"end":{"line":126,"column":null}}},"fnMap":{"0":{"name":"(anonymous_2)","decl":{"start":{"line":17,"column":48},"end":{"line":17,"column":49}},"loc":{"start":{"line":17,"column":66},"end":{"line":124,"column":null}}},"1":{"name":"(anonymous_3)","decl":{"start":{"line":22,"column":28},"end":{"line":22,"column":null}},"loc":{"start":{"line":22,"column":28},"end":{"line":63,"column":null}}},"2":{"name":"(anonymous_4)","decl":{"start":{"line":66,"column":38},"end":{"line":66,"column":39}},"loc":{"start":{"line":66,"column":48},"end":{"line":66,"column":null}}}},"branchMap":{"0":{"loc":{"start":{"line":56,"column":6},"end":{"line":58,"column":null}},"type":"if","locations":[{"start":{"line":56,"column":6},"end":{"line":58,"column":null}}]},"1":{"loc":{"start":{"line":66,"column":48},"end":{"line":66,"column":null}},"type":"binary-expr","locations":[{"start":{"line":66,"column":48},"end":{"line":66,"column":57}},{"start":{"line":66,"column":57},"end":{"line":66,"column":null}}]},"2":{"loc":{"start":{"line":76,"column":11},"end":{"line":76,"column":null}},"type":"binary-expr","locations":[{"start":{"line":76,"column":11},"end":{"line":76,"column":null}}]},"3":{"loc":{"start":{"line":109,"column":14},"end":{"line":111,"column":15}},"type":"cond-expr","locations":[{"start":{"line":109,"column":14},"end":{"line":111,"column":15}}]},"4":{"loc":{"start":{"line":118,"column":19},"end":{"line":118,"column":null}},"type":"cond-expr","locations":[{"start":{"line":118,"column":31},"end":{"line":118,"column":49}},{"start":{"line":118,"column":49},"end":{"line":118,"column":null}}]}},"s":{"0":0,"1":0,"2":0,"3":0,"4":0,"5":0,"6":0,"7":0,"8":0,"9":0,"10":0,"11":0,"12":0,"13":0,"14":0,"15":0,"16":0,"17":0,"18":0,"19":0,"20":0,"21":0,"22":0,"23":0,"24":0,"25":0,"26":0,"27":0,"28":0,"29":0,"30":0,"31":0,"32":0,"33":0},"f":{"0":0,"1":0,"2":0},"b":{"0":[0],"1":[0,0],"2":[0],"3":[0],"4":[0,0]}},"/Users/brucelee/Documents/GitHub/family-tree/src/app/page.tsx":{"path":"/Users/brucelee/Documents/GitHub/family-tree/src/app/page.tsx","statementMap":{"0":{"start":{"line":539,"column":0},"end":{"line":539,"column":15}},"1":{"start":{"line":11,"column":13},"end":{"line":11,"column":21}},"2":{"start":{"line":1,"column":18},"end":{"line":1,"column":null}},"3":{"start":{"line":2,"column":17},"end":{"line":2,"column":null}},"4":{"start":{"line":3,"column":18},"end":{"line":3,"column":null}},"5":{"start":{"line":5,"column":23},"end":{"line":5,"column":null}},"6":{"start":{"line":6,"column":34},"end":{"line":6,"column":null}},"7":{"start":{"line":7,"column":22},"end":{"line":7,"column":null}},"8":{"start":{"line":8,"column":74},"end":{"line":8,"column":null}},"9":{"start":{"line":11,"column":34},"end":{"line":41,"column":null}},"10":{"start":{"line":43,"column":17},"end":{"line":537,"column":null}},"11":{"start":{"line":376,"column":18},"end":{"line":376,"column":32}},"12":{"start":{"line":398,"column":18},"end":{"line":398,"column":32}},"13":{"start":{"line":420,"column":18},"end":{"line":420,"column":32}},"14":{"start":{"line":539,"column":15},"end":{"line":539,"column":24}}},"fnMap":{"0":{"name":"(anonymous_4)","decl":{"start":{"line":43,"column":17},"end":{"line":43,"column":null}},"loc":{"start":{"line":43,"column":17},"end":{"line":537,"column":null}}},"1":{"name":"(anonymous_5)","decl":{"start":{"line":375,"column":35},"end":{"line":375,"column":36}},"loc":{"start":{"line":376,"column":18},"end":{"line":376,"column":32}}},"2":{"name":"(anonymous_6)","decl":{"start":{"line":397,"column":35},"end":{"line":397,"column":36}},"loc":{"start":{"line":398,"column":18},"end":{"line":398,"column":32}}},"3":{"name":"(anonymous_7)","decl":{"start":{"line":419,"column":35},"end":{"line":419,"column":36}},"loc":{"start":{"line":420,"column":18},"end":{"line":420,"column":32}}}},"branchMap":{},"s":{"0":0,"1":0,"2":0,"3":0,"4":0,"5":0,"6":0,"7":0,"8":0,"9":0,"10":0,"11":0,"12":0,"13":0,"14":0},"f":{"0":0,"1":0,"2":0,"3":0},"b":{}},"/Users/brucelee/Documents/GitHub/family-tree/src/hooks/index.ts":{"path":"/Users/brucelee/Documents/GitHub/family-tree/src/hooks/index.ts","statementMap":{"0":{"start":{"line":2,"column":14},"end":{"line":2,"column":null}},"1":{"start":{"line":3,"column":14},"end":{"line":3,"column":null}},"2":{"start":{"line":4,"column":14},"end":{"line":4,"column":null}},"3":{"start":{"line":5,"column":14},"end":{"line":5,"column":null}},"4":{"start":{"line":6,"column":14},"end":{"line":6,"column":null}}},"fnMap":{},"branchMap":{},"s":{"0":0,"1":0,"2":0,"3":0,"4":0},"f":{},"b":{}},"/Users/brucelee/Documents/GitHub/family-tree/src/components/MermaidChart.tsx":{"path":"/Users/brucelee/Documents/GitHub/family-tree/src/components/MermaidChart.tsx","statementMap":{"0":{"start":{"line":75,"column":0},"end":{"line":75,"column":15}},"1":{"start":{"line":3,"column":41},"end":{"line":3,"column":null}},"2":{"start":{"line":4,"column":20},"end":{"line":4,"column":null}},"3":{"start":{"line":18,"column":50},"end":{"line":73,"column":null}},"4":{"start":{"line":19,"column":19},"end":{"line":19,"column":null}},"5":{"start":{"line":22,"column":2},"end":{"line":37,"column":null}},"6":{"start":{"line":23,"column":4},"end":{"line":36,"column":null}},"7":{"start":{"line":40,"column":2},"end":{"line":66,"column":null}},"8":{"start":{"line":41,"column":4},"end":{"line":41,"column":null}},"9":{"start":{"line":41,"column":47},"end":{"line":41,"column":null}},"10":{"start":{"line":43,"column":4},"end":{"line":65,"column":null}},"11":{"start":{"line":45,"column":6},"end":{"line":45,"column":null}},"12":{"start":{"line":48,"column":23},"end":{"line":48,"column":84}},"13":{"start":{"line":50,"column":6},"end":{"line":59,"column":null}},"14":{"start":{"line":51,"column":8},"end":{"line":53,"column":null}},"15":{"start":{"line":52,"column":10},"end":{"line":52,"column":null}},"16":{"start":{"line":55,"column":8},"end":{"line":55,"column":null}},"17":{"start":{"line":56,"column":8},"end":{"line":58,"column":null}},"18":{"start":{"line":57,"column":10},"end":{"line":57,"column":null}},"19":{"start":{"line":61,"column":6},"end":{"line":61,"column":null}},"20":{"start":{"line":62,"column":6},"end":{"line":64,"column":null}},"21":{"start":{"line":63,"column":8},"end":{"line":63,"column":null}},"22":{"start":{"line":75,"column":15},"end":{"line":75,"column":null}}},"fnMap":{"0":{"name":"(anonymous_5)","decl":{"start":{"line":18,"column":50},"end":{"line":18,"column":51}},"loc":{"start":{"line":18,"column":108},"end":{"line":73,"column":null}}},"1":{"name":"(anonymous_6)","decl":{"start":{"line":22,"column":12},"end":{"line":22,"column":null}},"loc":{"start":{"line":22,"column":12},"end":{"line":37,"column":5}}},"2":{"name":"(anonymous_7)","decl":{"start":{"line":40,"column":12},"end":{"line":40,"column":null}},"loc":{"start":{"line":40,"column":12},"end":{"line":66,"column":5}}},"3":{"name":"(anonymous_8)","decl":{"start":{"line":50,"column":53},"end":{"line":50,"column":54}},"loc":{"start":{"line":50,"column":82},"end":{"line":54,"column":9}}},"4":{"name":"(anonymous_9)","decl":{"start":{"line":54,"column":15},"end":{"line":54,"column":16}},"loc":{"start":{"line":54,"column":16},"end":{"line":59,"column":null}}}},"branchMap":{"0":{"loc":{"start":{"line":41,"column":4},"end":{"line":41,"column":null}},"type":"if","locations":[{"start":{"line":41,"column":4},"end":{"line":41,"column":null}}]},"1":{"loc":{"start":{"line":41,"column":8},"end":{"line":41,"column":45}},"type":"binary-expr","locations":[{"start":{"line":41,"column":8},"end":{"line":41,"column":28}},{"start":{"line":41,"column":28},"end":{"line":41,"column":45}}]},"2":{"loc":{"start":{"line":51,"column":8},"end":{"line":53,"column":null}},"type":"if","locations":[{"start":{"line":51,"column":8},"end":{"line":53,"column":null}}]},"3":{"loc":{"start":{"line":56,"column":8},"end":{"line":58,"column":null}},"type":"if","locations":[{"start":{"line":56,"column":8},"end":{"line":58,"column":null}}]},"4":{"loc":{"start":{"line":57,"column":92},"end":{"line":57,"column":147}},"type":"cond-expr","locations":[{"start":{"line":57,"column":117},"end":{"line":57,"column":130}},{"start":{"line":57,"column":133},"end":{"line":57,"column":147}}]},"5":{"loc":{"start":{"line":62,"column":6},"end":{"line":64,"column":null}},"type":"if","locations":[{"start":{"line":62,"column":6},"end":{"line":64,"column":null}}]},"6":{"loc":{"start":{"line":63,"column":90},"end":{"line":63,"column":145}},"type":"cond-expr","locations":[{"start":{"line":63,"column":115},"end":{"line":63,"column":128}},{"start":{"line":63,"column":131},"end":{"line":63,"column":145}}]}},"s":{"0":0,"1":0,"2":0,"3":0,"4":0,"5":0,"6":0,"7":0,"8":0,"9":0,"10":0,"11":0,"12":0,"13":0,"14":0,"15":0,"16":0,"17":0,"18":0,"19":0,"20":0,"21":0,"22":0},"f":{"0":0,"1":0,"2":0,"3":0,"4":0},"b":{"0":[0],"1":[0,0],"2":[0],"3":[0],"4":[0,0],"5":[0],"6":[0,0]}},"/Users/brucelee/Documents/GitHub/family-tree/src/components/PageLayout.tsx":{"path":"/Users/brucelee/Documents/GitHub/family-tree/src/components/PageLayout.tsx","statementMap":{"0":{"start":{"line":37,"column":16},"end":{"line":37,"column":26}},"1":{"start":{"line":66,"column":0},"end":{"line":66,"column":15}},"2":{"start":{"line":3,"column":33},"end":{"line":3,"column":null}},"3":{"start":{"line":66,"column":15},"end":{"line":66,"column":26}}},"fnMap":{"0":{"name":"PageLayout","decl":{"start":{"line":37,"column":16},"end":{"line":37,"column":26}},"loc":{"start":{"line":43,"column":18},"end":{"line":64,"column":null}}}},"branchMap":{"0":{"loc":{"start":{"line":41,"column":2},"end":{"line":41,"column":16}},"type":"default-arg","locations":[{"start":{"line":41,"column":14},"end":{"line":41,"column":16}}]},"1":{"loc":{"start":{"line":49,"column":11},"end":{"line":49,"column":null}},"type":"binary-expr","locations":[{"start":{"line":49,"column":11},"end":{"line":49,"column":null}}]},"2":{"loc":{"start":{"line":53,"column":9},"end":{"line":53,"column":null}},"type":"binary-expr","locations":[{"start":{"line":53,"column":9},"end":{"line":53,"column":null}}]}},"s":{"0":0,"1":0,"2":0,"3":0},"f":{"0":0},"b":{"0":[0],"1":[0],"2":[0]}},"/Users/brucelee/Documents/GitHub/family-tree/src/hooks/useDraggableFamilyTree.ts":{"path":"/Users/brucelee/Documents/GitHub/family-tree/src/hooks/useDraggableFamilyTree.ts","statementMap":{"0":{"start":{"line":10,"column":16},"end":{"line":10,"column":null}},"1":{"start":{"line":1,"column":38},"end":{"line":1,"column":null}},"2":{"start":{"line":3,"column":33},"end":{"line":3,"column":null}},"3":{"start":{"line":15,"column":46},"end":{"line":15,"column":null}},"4":{"start":{"line":18,"column":42},"end":{"line":18,"column":null}},"5":{"start":{"line":21,"column":26},"end":{"line":23,"column":null}},"6":{"start":{"line":22,"column":4},"end":{"line":22,"column":null}},"7":{"start":{"line":26,"column":24},"end":{"line":51,"column":null}},"8":{"start":{"line":28,"column":4},"end":{"line":46,"column":null}},"9":{"start":{"line":30,"column":29},"end":{"line":38,"column":null}},"10":{"start":{"line":31,"column":8},"end":{"line":36,"column":null}},"11":{"start":{"line":32,"column":10},"end":{"line":35,"column":null}},"12":{"start":{"line":37,"column":8},"end":{"line":37,"column":null}},"13":{"start":{"line":41,"column":6},"end":{"line":45,"column":null}},"14":{"start":{"line":49,"column":4},"end":{"line":49,"column":null}},"15":{"start":{"line":50,"column":4},"end":{"line":50,"column":null}},"16":{"start":{"line":54,"column":25},"end":{"line":56,"column":null}},"17":{"start":{"line":55,"column":4},"end":{"line":55,"column":null}},"18":{"start":{"line":59,"column":25},"end":{"line":79,"column":null}},"19":{"start":{"line":60,"column":30},"end":{"line":69,"column":null}},"20":{"start":{"line":72,"column":4},"end":{"line":76,"column":null}},"21":{"start":{"line":78,"column":4},"end":{"line":78,"column":null}},"22":{"start":{"line":82,"column":31},"end":{"line":97,"column":null}},"23":{"start":{"line":83,"column":27},"end":{"line":89,"column":null}},"24":{"start":{"line":84,"column":6},"end":{"line":87,"column":null}},"25":{"start":{"line":85,"column":38},"end":{"line":85,"column":null}},"26":{"start":{"line":86,"column":8},"end":{"line":86,"column":null}},"27":{"start":{"line":88,"column":6},"end":{"line":88,"column":null}},"28":{"start":{"line":92,"column":4},"end":{"line":96,"column":null}},"29":{"start":{"line":99,"column":2},"end":{"line":107,"column":null}}},"fnMap":{"0":{"name":"useDraggableFamilyTree","decl":{"start":{"line":10,"column":16},"end":{"line":10,"column":null}},"loc":{"start":{"line":12,"column":61},"end":{"line":108,"column":null}}},"1":{"name":"(anonymous_2)","decl":{"start":{"line":21,"column":38},"end":{"line":21,"column":39}},"loc":{"start":{"line":21,"column":39},"end":{"line":23,"column":5}}},"2":{"name":"(anonymous_3)","decl":{"start":{"line":26,"column":36},"end":{"line":26,"column":null}},"loc":{"start":{"line":26,"column":36},"end":{"line":51,"column":5}}},"3":{"name":"(anonymous_4)","decl":{"start":{"line":30,"column":59},"end":{"line":30,"column":null}},"loc":{"start":{"line":30,"column":59},"end":{"line":38,"column":null}}},"4":{"name":"(anonymous_5)","decl":{"start":{"line":54,"column":37},"end":{"line":54,"column":38}},"loc":{"start":{"line":54,"column":38},"end":{"line":56,"column":5}}},"5":{"name":"(anonymous_6)","decl":{"start":{"line":59,"column":37},"end":{"line":59,"column":38}},"loc":{"start":{"line":59,"column":56},"end":{"line":79,"column":5}}},"6":{"name":"(anonymous_7)","decl":{"start":{"line":82,"column":43},"end":{"line":82,"column":44}},"loc":{"start":{"line":82,"column":44},"end":{"line":97,"column":5}}},"7":{"name":"(anonymous_8)","decl":{"start":{"line":83,"column":57},"end":{"line":83,"column":null}},"loc":{"start":{"line":83,"column":57},"end":{"line":89,"column":null}}}},"branchMap":{"0":{"loc":{"start":{"line":28,"column":4},"end":{"line":46,"column":null}},"type":"if","locations":[{"start":{"line":28,"column":4},"end":{"line":46,"column":null}}]},"1":{"loc":{"start":{"line":28,"column":8},"end":{"line":28,"column":75}},"type":"binary-expr","locations":[{"start":{"line":28,"column":8},"end":{"line":28,"column":26}},{"start":{"line":28,"column":26},"end":{"line":28,"column":42}},{"start":{"line":28,"column":42},"end":{"line":28,"column":75}}]},"2":{"loc":{"start":{"line":31,"column":8},"end":{"line":36,"column":null}},"type":"if","locations":[{"start":{"line":31,"column":8},"end":{"line":36,"column":null}}]},"3":{"loc":{"start":{"line":62,"column":12},"end":{"line":62,"column":null}},"type":"binary-expr","locations":[{"start":{"line":62,"column":12},"end":{"line":62,"column":27}},{"start":{"line":62,"column":31},"end":{"line":62,"column":null}}]},"4":{"loc":{"start":{"line":63,"column":16},"end":{"line":63,"column":null}},"type":"binary-expr","locations":[{"start":{"line":63,"column":16},"end":{"line":63,"column":35}},{"start":{"line":63,"column":39},"end":{"line":63,"column":null}}]},"5":{"loc":{"start":{"line":64,"column":14},"end":{"line":64,"column":null}},"type":"binary-expr","locations":[{"start":{"line":64,"column":14},"end":{"line":64,"column":31}},{"start":{"line":64,"column":35},"end":{"line":64,"column":null}}]},"6":{"loc":{"start":{"line":84,"column":6},"end":{"line":87,"column":null}},"type":"if","locations":[{"start":{"line":84,"column":6},"end":{"line":87,"column":null}}]}},"s":{"0":0,"1":0,"2":0,"3":0,"4":0,"5":0,"6":0,"7":0,"8":0,"9":0,"10":0,"11":0,"12":0,"13":0,"14":0,"15":0,"16":0,"17":0,"18":0,"19":0,"20":0,"21":0,"22":0,"23":0,"24":0,"25":0,"26":0,"27":0,"28":0,"29":0},"f":{"0":0,"1":0,"2":0,"3":0,"4":0,"5":0,"6":0,"7":0},"b":{"0":[0],"1":[0,0,0],"2":[0],"3":[0,0],"4":[0,0],"5":[0,0],"6":[0]}},"/Users/brucelee/Documents/GitHub/family-tree/src/hooks/useErrorHandling.ts":{"path":"/Users/brucelee/Documents/GitHub/family-tree/src/hooks/useErrorHandling.ts","statementMap":{"0":{"start":{"line":27,"column":16},"end":{"line":27,"column":null}},"1":{"start":{"line":3,"column":25},"end":{"line":3,"column":null}},"2":{"start":{"line":4,"column":23},"end":{"line":4,"column":null}},"3":{"start":{"line":28,"column":42},"end":{"line":28,"column":null}},"4":{"start":{"line":29,"column":38},"end":{"line":29,"column":null}},"5":{"start":{"line":34,"column":20},"end":{"line":40,"column":null}},"6":{"start":{"line":35,"column":4},"end":{"line":35,"column":null}},"7":{"start":{"line":36,"column":4},"end":{"line":36,"column":null}},"8":{"start":{"line":39,"column":4},"end":{"line":39,"column":null}},"9":{"start":{"line":45,"column":27},"end":{"line":73,"column":null}},"10":{"start":{"line":54,"column":4},"end":{"line":71,"column":null}},"11":{"start":{"line":61,"column":12},"end":{"line":61,"column":null}},"12":{"start":{"line":61,"column":26},"end":{"line":61,"column":null}},"13":{"start":{"line":72,"column":4},"end":{"line":72,"column":null}},"14":{"start":{"line":78,"column":22},"end":{"line":80,"column":null}},"15":{"start":{"line":79,"column":4},"end":{"line":79,"column":null}},"16":{"start":{"line":87,"column":22},"end":{"line":100,"column":null}},"17":{"start":{"line":88,"column":25},"end":{"line":88,"column":null}},"18":{"start":{"line":90,"column":4},"end":{"line":93,"column":null}},"19":{"start":{"line":96,"column":4},"end":{"line":99,"column":null}},"20":{"start":{"line":102,"column":2},"end":{"line":109,"column":null}}},"fnMap":{"0":{"name":"useErrorHandling","decl":{"start":{"line":27,"column":16},"end":{"line":27,"column":null}},"loc":{"start":{"line":27,"column":16},"end":{"line":110,"column":null}}},"1":{"name":"(anonymous_2)","decl":{"start":{"line":34,"column":20},"end":{"line":34,"column":21}},"loc":{"start":{"line":34,"column":21},"end":{"line":40,"column":null}}},"2":{"name":"(anonymous_3)","decl":{"start":{"line":45,"column":27},"end":{"line":45,"column":null}},"loc":{"start":{"line":52,"column":22},"end":{"line":73,"column":null}}},"3":{"name":"(anonymous_4)","decl":{"start":{"line":60,"column":19},"end":{"line":60,"column":null}},"loc":{"start":{"line":60,"column":19},"end":{"line":62,"column":null}}},"4":{"name":"(anonymous_5)","decl":{"start":{"line":78,"column":22},"end":{"line":78,"column":null}},"loc":{"start":{"line":78,"column":22},"end":{"line":80,"column":null}}},"5":{"name":"(anonymous_6)","decl":{"start":{"line":87,"column":22},"end":{"line":87,"column":23}},"loc":{"start":{"line":87,"column":61},"end":{"line":100,"column":null}}}},"branchMap":{"0":{"loc":{"start":{"line":39,"column":41},"end":{"line":39,"column":null}},"type":"binary-expr","locations":[{"start":{"line":39,"column":41},"end":{"line":39,"column":57}},{"start":{"line":39,"column":61},"end":{"line":39,"column":null}}]},"1":{"loc":{"start":{"line":50,"column":4},"end":{"line":50,"column":28}},"type":"default-arg","locations":[{"start":{"line":50,"column":19},"end":{"line":50,"column":28}}]},"2":{"loc":{"start":{"line":51,"column":4},"end":{"line":51,"column":26}},"type":"default-arg","locations":[{"start":{"line":51,"column":18},"end":{"line":51,"column":26}}]},"3":{"loc":{"start":{"line":52,"column":4},"end":{"line":52,"column":22}},"type":"default-arg","locations":[{"start":{"line":52,"column":18},"end":{"line":52,"column":22}}]},"4":{"loc":{"start":{"line":61,"column":12},"end":{"line":61,"column":null}},"type":"if","locations":[{"start":{"line":61,"column":12},"end":{"line":61,"column":null}}]},"5":{"loc":{"start":{"line":68,"column":19},"end":{"line":68,"column":null}},"type":"cond-expr","locations":[{"start":{"line":68,"column":33},"end":{"line":68,"column":49}},{"start":{"line":68,"column":49},"end":{"line":68,"column":null}}]},"6":{"loc":{"start":{"line":87,"column":37},"end":{"line":87,"column":61}},"type":"default-arg","locations":[{"start":{"line":87,"column":45},"end":{"line":87,"column":61}}]},"7":{"loc":{"start":{"line":88,"column":25},"end":{"line":88,"column":null}},"type":"cond-expr","locations":[{"start":{"line":88,"column":48},"end":{"line":88,"column":59}},{"start":{"line":88,"column":62},"end":{"line":88,"column":null}}]}},"s":{"0":0,"1":0,"2":0,"3":0,"4":0,"5":0,"6":0,"7":0,"8":0,"9":0,"10":0,"11":0,"12":0,"13":0,"14":0,"15":0,"16":0,"17":0,"18":0,"19":0,"20":0},"f":{"0":0,"1":0,"2":0,"3":0,"4":0,"5":0},"b":{"0":[0,0],"1":[0],"2":[0],"3":[0],"4":[0],"5":[0,0],"6":[0],"7":[0,0]}},"/Users/brucelee/Documents/GitHub/family-tree/src/hooks/useFamilyTreeMembers.ts":{"path":"/Users/brucelee/Documents/GitHub/family-tree/src/hooks/useFamilyTreeMembers.ts","statementMap":{"0":{"start":{"line":18,"column":16},"end":{"line":18,"column":null}},"1":{"start":{"line":1,"column":25},"end":{"line":1,"column":null}},"2":{"start":{"line":6,"column":7},"end":{"line":6,"column":null}},"3":{"start":{"line":7,"column":69},"end":{"line":7,"column":null}},"4":{"start":{"line":23,"column":44},"end":{"line":27,"column":null}},"5":{"start":{"line":34,"column":28},"end":{"line":39,"column":null}},"6":{"start":{"line":35,"column":4},"end":{"line":38,"column":null}},"7":{"start":{"line":35,"column":30},"end":{"line":38,"column":null}},"8":{"start":{"line":44,"column":20},"end":{"line":51,"column":null}},"9":{"start":{"line":45,"column":4},"end":{"line":50,"column":null}},"10":{"start":{"line":57,"column":25},"end":{"line":70,"column":null}},"11":{"start":{"line":59,"column":29},"end":{"line":59,"column":null}},"12":{"start":{"line":61,"column":4},"end":{"line":67,"column":null}},"13":{"start":{"line":62,"column":6},"end":{"line":66,"column":null}},"14":{"start":{"line":69,"column":4},"end":{"line":69,"column":null}},"15":{"start":{"line":76,"column":20},"end":{"line":113,"column":null}},"16":{"start":{"line":77,"column":4},"end":{"line":112,"column":null}},"17":{"start":{"line":79,"column":40},"end":{"line":79,"column":null}},"18":{"start":{"line":80,"column":6},"end":{"line":82,"column":null}},"19":{"start":{"line":81,"column":8},"end":{"line":81,"column":null}},"20":{"start":{"line":85,"column":30},"end":{"line":85,"column":null}},"21":{"start":{"line":86,"column":32},"end":{"line":94,"column":null}},"22":{"start":{"line":97,"column":32},"end":{"line":97,"column":null}},"23":{"start":{"line":100,"column":6},"end":{"line":100,"column":null}},"24":{"start":{"line":103,"column":6},"end":{"line":103,"column":null}},"25":{"start":{"line":105,"column":6},"end":{"line":105,"column":null}},"26":{"start":{"line":107,"column":6},"end":{"line":107,"column":null}},"27":{"start":{"line":108,"column":6},"end":{"line":111,"column":null}},"28":{"start":{"line":119,"column":23},"end":{"line":141,"column":null}},"29":{"start":{"line":120,"column":4},"end":{"line":140,"column":null}},"30":{"start":{"line":122,"column":29},"end":{"line":122,"column":null}},"31":{"start":{"line":122,"column":65},"end":{"line":122,"column":null}},"32":{"start":{"line":125,"column":32},"end":{"line":128,"column":null}},"33":{"start":{"line":131,"column":6},"end":{"line":131,"column":null}},"34":{"start":{"line":133,"column":6},"end":{"line":133,"column":null}},"35":{"start":{"line":135,"column":6},"end":{"line":135,"column":null}},"36":{"start":{"line":136,"column":6},"end":{"line":139,"column":null}},"37":{"start":{"line":143,"column":2},"end":{"line":150,"column":null}}},"fnMap":{"0":{"name":"useFamilyTreeMembers","decl":{"start":{"line":18,"column":16},"end":{"line":18,"column":null}},"loc":{"start":{"line":20,"column":61},"end":{"line":151,"column":null}}},"1":{"name":"(anonymous_2)","decl":{"start":{"line":34,"column":28},"end":{"line":34,"column":29}},"loc":{"start":{"line":34,"column":50},"end":{"line":39,"column":null}}},"2":{"name":"(anonymous_3)","decl":{"start":{"line":35,"column":21},"end":{"line":35,"column":30}},"loc":{"start":{"line":35,"column":30},"end":{"line":38,"column":null}}},"3":{"name":"(anonymous_4)","decl":{"start":{"line":44,"column":20},"end":{"line":44,"column":null}},"loc":{"start":{"line":44,"column":20},"end":{"line":51,"column":null}}},"4":{"name":"(anonymous_5)","decl":{"start":{"line":57,"column":25},"end":{"line":57,"column":null}},"loc":{"start":{"line":57,"column":25},"end":{"line":70,"column":null}}},"5":{"name":"(anonymous_6)","decl":{"start":{"line":76,"column":20},"end":{"line":76,"column":null}},"loc":{"start":{"line":76,"column":20},"end":{"line":113,"column":null}}},"6":{"name":"(anonymous_7)","decl":{"start":{"line":119,"column":23},"end":{"line":119,"column":24}},"loc":{"start":{"line":119,"column":24},"end":{"line":141,"column":null}}},"7":{"name":"(anonymous_8)","decl":{"start":{"line":122,"column":55},"end":{"line":122,"column":65}},"loc":{"start":{"line":122,"column":65},"end":{"line":122,"column":null}}}},"branchMap":{"0":{"loc":{"start":{"line":61,"column":4},"end":{"line":67,"column":null}},"type":"if","locations":[{"start":{"line":61,"column":4},"end":{"line":67,"column":null}}]},"1":{"loc":{"start":{"line":64,"column":22},"end":{"line":64,"column":null}},"type":"binary-expr","locations":[{"start":{"line":64,"column":22},"end":{"line":64,"column":46}},{"start":{"line":64,"column":50},"end":{"line":64,"column":null}}]},"2":{"loc":{"start":{"line":80,"column":6},"end":{"line":82,"column":null}},"type":"if","locations":[{"start":{"line":80,"column":6},"end":{"line":82,"column":null}}]},"3":{"loc":{"start":{"line":90,"column":16},"end":{"line":90,"column":null}},"type":"binary-expr","locations":[{"start":{"line":90,"column":16},"end":{"line":90,"column":38}},{"start":{"line":90,"column":42},"end":{"line":90,"column":null}}]},"4":{"loc":{"start":{"line":91,"column":19},"end":{"line":91,"column":null}},"type":"binary-expr","locations":[{"start":{"line":91,"column":19},"end":{"line":91,"column":44}},{"start":{"line":91,"column":48},"end":{"line":91,"column":null}}]},"5":{"loc":{"start":{"line":92,"column":19},"end":{"line":92,"column":null}},"type":"binary-expr","locations":[{"start":{"line":92,"column":19},"end":{"line":92,"column":44}},{"start":{"line":92,"column":48},"end":{"line":92,"column":null}}]},"6":{"loc":{"start":{"line":110,"column":15},"end":{"line":110,"column":null}},"type":"cond-expr","locations":[{"start":{"line":110,"column":40},"end":{"line":110,"column":53}},{"start":{"line":110,"column":56},"end":{"line":110,"column":null}}]},"7":{"loc":{"start":{"line":138,"column":15},"end":{"line":138,"column":null}},"type":"cond-expr","locations":[{"start":{"line":138,"column":40},"end":{"line":138,"column":53}},{"start":{"line":138,"column":56},"end":{"line":138,"column":null}}]}},"s":{"0":0,"1":0,"2":0,"3":0,"4":0,"5":0,"6":0,"7":0,"8":0,"9":0,"10":0,"11":0,"12":0,"13":0,"14":0,"15":0,"16":0,"17":0,"18":0,"19":0,"20":0,"21":0,"22":0,"23":0,"24":0,"25":0,"26":0,"27":0,"28":0,"29":0,"30":0,"31":0,"32":0,"33":0,"34":0,"35":0,"36":0,"37":0},"f":{"0":0,"1":0,"2":0,"3":0,"4":0,"5":0,"6":0,"7":0},"b":{"0":[0],"1":[0,0],"2":[0],"3":[0,0],"4":[0,0],"5":[0,0],"6":[0,0],"7":[0,0]}},"/Users/brucelee/Documents/GitHub/family-tree/src/components/ErrorBoundary.tsx":{"path":"/Users/brucelee/Documents/GitHub/family-tree/src/components/ErrorBoundary.tsx","statementMap":{"0":{"start":{"line":24,"column":13},"end":{"line":24,"column":26}},"1":{"start":{"line":94,"column":16},"end":{"line":94,"column":33}},"2":{"start":{"line":3,"column":55},"end":{"line":3,"column":null}},"3":{"start":{"line":4,"column":23},"end":{"line":4,"column":null}},"4":{"start":{"line":5,"column":86},"end":{"line":5,"column":null}},"5":{"start":{"line":6,"column":30},"end":{"line":6,"column":null}},"6":{"start":{"line":7,"column":23},"end":{"line":7,"column":null}},"7":{"start":{"line":26,"column":4},"end":{"line":26,"column":null}},"8":{"start":{"line":40,"column":2},"end":{"line":48,"column":null}},"9":{"start":{"line":42,"column":4},"end":{"line":42,"column":null}},"10":{"start":{"line":45,"column":4},"end":{"line":47,"column":null}},"11":{"start":{"line":46,"column":6},"end":{"line":46,"column":null}},"12":{"start":{"line":27,"column":4},"end":{"line":27,"column":null}},"13":{"start":{"line":32,"column":4},"end":{"line":32,"column":null}},"14":{"start":{"line":37,"column":4},"end":{"line":37,"column":null}},"15":{"start":{"line":51,"column":4},"end":{"line":84,"column":null}},"16":{"start":{"line":53,"column":6},"end":{"line":55,"column":null}},"17":{"start":{"line":54,"column":8},"end":{"line":54,"column":null}},"18":{"start":{"line":86,"column":4},"end":{"line":86,"column":null}},"19":{"start":{"line":98,"column":2},"end":{"line":104,"column":null}}},"fnMap":{"0":{"name":"(anonymous_6)","decl":{"start":{"line":25,"column":2},"end":{"line":25,"column":14}},"loc":{"start":{"line":25,"column":28},"end":{"line":28,"column":null}}},"1":{"name":"(anonymous_7)","decl":{"start":{"line":40,"column":16},"end":{"line":40,"column":null}},"loc":{"start":{"line":40,"column":16},"end":{"line":48,"column":null}}},"2":{"name":"(anonymous_8)","decl":{"start":{"line":30,"column":2},"end":{"line":30,"column":9}},"loc":{"start":{"line":30,"column":55},"end":{"line":33,"column":null}}},"3":{"name":"(anonymous_9)","decl":{"start":{"line":35,"column":2},"end":{"line":35,"column":20}},"loc":{"start":{"line":35,"column":62},"end":{"line":38,"column":null}}},"4":{"name":"(anonymous_10)","decl":{"start":{"line":50,"column":2},"end":{"line":50,"column":22}},"loc":{"start":{"line":50,"column":22},"end":{"line":87,"column":null}}},"5":{"name":"withErrorBoundary","decl":{"start":{"line":94,"column":16},"end":{"line":94,"column":33}},"loc":{"start":{"line":96,"column":46},"end":{"line":105,"column":null}}},"6":{"name":"WithErrorBoundary","decl":{"start":{"line":98,"column":18},"end":{"line":98,"column":36}},"loc":{"start":{"line":98,"column":44},"end":{"line":104,"column":null}}}},"branchMap":{"0":{"loc":{"start":{"line":45,"column":4},"end":{"line":47,"column":null}},"type":"if","locations":[{"start":{"line":45,"column":4},"end":{"line":47,"column":null}}]},"1":{"loc":{"start":{"line":51,"column":4},"end":{"line":84,"column":null}},"type":"if","locations":[{"start":{"line":51,"column":4},"end":{"line":84,"column":null}}]},"2":{"loc":{"start":{"line":53,"column":6},"end":{"line":55,"column":null}},"type":"if","locations":[{"start":{"line":53,"column":6},"end":{"line":55,"column":null}}]},"3":{"loc":{"start":{"line":71,"column":15},"end":{"line":71,"column":null}},"type":"binary-expr","locations":[{"start":{"line":71,"column":15},"end":{"line":71,"column":44}},{"start":{"line":71,"column":44},"end":{"line":71,"column":null}}]}},"s":{"0":0,"1":0,"2":0,"3":0,"4":0,"5":0,"6":0,"7":0,"8":0,"9":0,"10":0,"11":0,"12":0,"13":0,"14":0,"15":0,"16":0,"17":0,"18":0,"19":0},"f":{"0":0,"1":0,"2":0,"3":0,"4":0,"5":0,"6":0},"b":{"0":[0],"1":[0],"2":[0],"3":[0,0]}},"/Users/brucelee/Documents/GitHub/family-tree/src/lib/error-handler.ts":{"path":"/Users/brucelee/Documents/GitHub/family-tree/src/lib/error-handler.ts","statementMap":{"0":{"start":{"line":11,"column":16},"end":{"line":11,"column":30}},"1":{"start":{"line":36,"column":16},"end":{"line":36,"column":33}},"2":{"start":{"line":52,"column":16},"end":{"line":52,"column":24}},"3":{"start":{"line":62,"column":16},"end":{"line":62,"column":32}},"4":{"start":{"line":13,"column":2},"end":{"line":13,"column":null}},"5":{"start":{"line":16,"column":2},"end":{"line":22,"column":null}},"6":{"start":{"line":17,"column":4},"end":{"line":21,"column":null}},"7":{"start":{"line":25,"column":2},"end":{"line":28,"column":null}},"8":{"start":{"line":38,"column":2},"end":{"line":38,"column":null}},"9":{"start":{"line":41,"column":2},"end":{"line":43,"column":null}},"10":{"start":{"line":42,"column":4},"end":{"line":42,"column":null}},"11":{"start":{"line":45,"column":2},"end":{"line":45,"column":null}},"12":{"start":{"line":53,"column":2},"end":{"line":53,"column":null}},"13":{"start":{"line":66,"column":2},"end":{"line":68,"column":null}},"14":{"start":{"line":67,"column":4},"end":{"line":67,"column":null}},"15":{"start":{"line":70,"column":2},"end":{"line":75,"column":null}},"16":{"start":{"line":71,"column":4},"end":{"line":71,"column":null}},"17":{"start":{"line":73,"column":4},"end":{"line":73,"column":null}},"18":{"start":{"line":74,"column":4},"end":{"line":74,"column":null}}},"fnMap":{"0":{"name":"handleApiError","decl":{"start":{"line":11,"column":16},"end":{"line":11,"column":30}},"loc":{"start":{"line":11,"column":45},"end":{"line":29,"column":null}}},"1":{"name":"handleClientError","decl":{"start":{"line":36,"column":16},"end":{"line":36,"column":33}},"loc":{"start":{"line":36,"column":48},"end":{"line":46,"column":null}}},"2":{"name":"isClient","decl":{"start":{"line":52,"column":16},"end":{"line":52,"column":24}},"loc":{"start":{"line":52,"column":16},"end":{"line":54,"column":null}}},"3":{"name":"safeLocalStorage","decl":{"start":{"line":62,"column":16},"end":{"line":62,"column":32}},"loc":{"start":{"line":64,"column":13},"end":{"line":76,"column":null}}}},"branchMap":{"0":{"loc":{"start":{"line":16,"column":2},"end":{"line":22,"column":null}},"type":"if","locations":[{"start":{"line":16,"column":2},"end":{"line":22,"column":null}}]},"1":{"loc":{"start":{"line":16,"column":6},"end":{"line":16,"column":67}},"type":"binary-expr","locations":[{"start":{"line":16,"column":6},"end":{"line":16,"column":32}},{"start":{"line":16,"column":32},"end":{"line":16,"column":67}}]},"2":{"loc":{"start":{"line":27,"column":13},"end":{"line":27,"column":null}},"type":"cond-expr","locations":[{"start":{"line":27,"column":38},"end":{"line":27,"column":51}},{"start":{"line":27,"column":54},"end":{"line":27,"column":null}}]},"3":{"loc":{"start":{"line":41,"column":2},"end":{"line":43,"column":null}},"type":"if","locations":[{"start":{"line":41,"column":2},"end":{"line":43,"column":null}}]},"4":{"loc":{"start":{"line":66,"column":2},"end":{"line":68,"column":null}},"type":"if","locations":[{"start":{"line":66,"column":2},"end":{"line":68,"column":null}}]}},"s":{"0":0,"1":0,"2":0,"3":0,"4":0,"5":0,"6":0,"7":0,"8":0,"9":0,"10":0,"11":0,"12":0,"13":0,"14":0,"15":0,"16":0,"17":0,"18":0},"f":{"0":0,"1":0,"2":0,"3":0},"b":{"0":[0],"1":[0,0],"2":[0,0],"3":[0],"4":[0]}},"/Users/brucelee/Documents/GitHub/family-tree/src/components/SaveLoginPrompt.tsx":{"path":"/Users/brucelee/Documents/GitHub/family-tree/src/components/SaveLoginPrompt.tsx","statementMap":{"0":{"start":{"line":68,"column":0},"end":{"line":68,"column":15}},"1":{"start":{"line":3,"column":18},"end":{"line":3,"column":null}},"2":{"start":{"line":4,"column":98},"end":{"line":4,"column":null}},"3":{"start":{"line":5,"column":23},"end":{"line":5,"column":null}},"4":{"start":{"line":6,"column":55},"end":{"line":6,"column":null}},"5":{"start":{"line":14,"column":56},"end":{"line":66,"column":null}},"6":{"start":{"line":16,"column":48},"end":{"line":16,"column":null}},"7":{"start":{"line":68,"column":15},"end":{"line":68,"column":null}}},"fnMap":{"0":{"name":"(anonymous_2)","decl":{"start":{"line":14,"column":56},"end":{"line":14,"column":57}},"loc":{"start":{"line":14,"column":83},"end":{"line":66,"column":null}}},"1":{"name":"(anonymous_3)","decl":{"start":{"line":16,"column":38},"end":{"line":16,"column":39}},"loc":{"start":{"line":16,"column":48},"end":{"line":16,"column":null}}}},"branchMap":{"0":{"loc":{"start":{"line":16,"column":48},"end":{"line":16,"column":null}},"type":"binary-expr","locations":[{"start":{"line":16,"column":48},"end":{"line":16,"column":57}},{"start":{"line":16,"column":57},"end":{"line":16,"column":null}}]}},"s":{"0":0,"1":0,"2":0,"3":0,"4":0,"5":0,"6":0,"7":0},"f":{"0":0,"1":0},"b":{"0":[0,0]}},"/Users/brucelee/Documents/GitHub/family-tree/src/hooks/useFamilyTreeStorage.ts":{"path":"/Users/brucelee/Documents/GitHub/family-tree/src/hooks/useFamilyTreeStorage.ts","statementMap":{"0":{"start":{"line":14,"column":16},"end":{"line":14,"column":null}},"1":{"start":{"line":1,"column":25},"end":{"line":1,"column":null}},"2":{"start":{"line":3,"column":41},"end":{"line":3,"column":null}},"3":{"start":{"line":4,"column":24},"end":{"line":4,"column":null}},"4":{"start":{"line":15,"column":30},"end":{"line":15,"column":null}},"5":{"start":{"line":16,"column":34},"end":{"line":16,"column":null}},"6":{"start":{"line":17,"column":36},"end":{"line":17,"column":null}},"7":{"start":{"line":18,"column":38},"end":{"line":18,"column":null}},"8":{"start":{"line":25,"column":25},"end":{"line":109,"column":null}},"9":{"start":{"line":32,"column":4},"end":{"line":32,"column":null}},"10":{"start":{"line":33,"column":4},"end":{"line":33,"column":null}},"11":{"start":{"line":36,"column":4},"end":{"line":42,"column":null}},"12":{"start":{"line":37,"column":6},"end":{"line":41,"column":null}},"13":{"start":{"line":45,"column":4},"end":{"line":51,"column":null}},"14":{"start":{"line":46,"column":6},"end":{"line":46,"column":null}},"15":{"start":{"line":47,"column":6},"end":{"line":50,"column":null}},"16":{"start":{"line":53,"column":4},"end":{"line":108,"column":null}},"17":{"start":{"line":54,"column":6},"end":{"line":54,"column":null}},"18":{"start":{"line":57,"column":21},"end":{"line":57,"column":null}},"19":{"start":{"line":59,"column":6},"end":{"line":85,"column":null}},"20":{"start":{"line":60,"column":8},"end":{"line":60,"column":null}},"21":{"start":{"line":63,"column":20},"end":{"line":63,"column":null}},"22":{"start":{"line":64,"column":8},"end":{"line":64,"column":null}},"23":{"start":{"line":67,"column":8},"end":{"line":67,"column":null}},"24":{"start":{"line":70,"column":8},"end":{"line":70,"column":null}},"25":{"start":{"line":72,"column":8},"end":{"line":75,"column":null}},"26":{"start":{"line":77,"column":25},"end":{"line":77,"column":null}},"27":{"start":{"line":78,"column":8},"end":{"line":78,"column":null}},"28":{"start":{"line":79,"column":8},"end":{"line":79,"column":null}},"29":{"start":{"line":81,"column":8},"end":{"line":84,"column":null}},"30":{"start":{"line":87,"column":25},"end":{"line":87,"column":null}},"31":{"start":{"line":90,"column":6},"end":{"line":97,"column":null}},"32":{"start":{"line":91,"column":8},"end":{"line":91,"column":null}},"33":{"start":{"line":92,"column":8},"end":{"line":96,"column":null}},"34":{"start":{"line":99,"column":6},"end":{"line":99,"column":null}},"35":{"start":{"line":100,"column":6},"end":{"line":100,"column":null}},"36":{"start":{"line":102,"column":6},"end":{"line":105,"column":null}},"37":{"start":{"line":107,"column":6},"end":{"line":107,"column":null}},"38":{"start":{"line":116,"column":32},"end":{"line":120,"column":null}},"39":{"start":{"line":117,"column":16},"end":{"line":117,"column":null}},"40":{"start":{"line":118,"column":4},"end":{"line":118,"column":null}},"41":{"start":{"line":119,"column":4},"end":{"line":119,"column":null}},"42":{"start":{"line":122,"column":2},"end":{"line":128,"column":null}}},"fnMap":{"0":{"name":"useFamilyTreeStorage","decl":{"start":{"line":14,"column":16},"end":{"line":14,"column":null}},"loc":{"start":{"line":14,"column":16},"end":{"line":129,"column":null}}},"1":{"name":"(anonymous_2)","decl":{"start":{"line":25,"column":25},"end":{"line":25,"column":32}},"loc":{"start":{"line":25,"column":32},"end":{"line":109,"column":null}}},"2":{"name":"(anonymous_3)","decl":{"start":{"line":116,"column":32},"end":{"line":116,"column":33}},"loc":{"start":{"line":116,"column":33},"end":{"line":120,"column":null}}}},"branchMap":{"0":{"loc":{"start":{"line":36,"column":4},"end":{"line":42,"column":null}},"type":"if","locations":[{"start":{"line":36,"column":4},"end":{"line":42,"column":null}}]},"1":{"loc":{"start":{"line":45,"column":4},"end":{"line":51,"column":null}},"type":"if","locations":[{"start":{"line":45,"column":4},"end":{"line":51,"column":null}}]},"2":{"loc":{"start":{"line":59,"column":6},"end":{"line":85,"column":null}},"type":"if","locations":[{"start":{"line":59,"column":6},"end":{"line":85,"column":null}},{"start":{"line":76,"column":13},"end":{"line":85,"column":null}}]},"3":{"loc":{"start":{"line":59,"column":10},"end":{"line":59,"column":29}},"type":"binary-expr","locations":[{"start":{"line":59,"column":10},"end":{"line":59,"column":20}},{"start":{"line":59,"column":20},"end":{"line":59,"column":29}}]},"4":{"loc":{"start":{"line":90,"column":6},"end":{"line":97,"column":null}},"type":"if","locations":[{"start":{"line":90,"column":6},"end":{"line":97,"column":null}}]},"5":{"loc":{"start":{"line":90,"column":10},"end":{"line":90,"column":71}},"type":"binary-expr","locations":[{"start":{"line":90,"column":10},"end":{"line":90,"column":36}},{"start":{"line":90,"column":36},"end":{"line":90,"column":71}}]},"6":{"loc":{"start":{"line":104,"column":15},"end":{"line":104,"column":null}},"type":"cond-expr","locations":[{"start":{"line":104,"column":40},"end":{"line":104,"column":53}},{"start":{"line":104,"column":56},"end":{"line":104,"column":null}}]}},"s":{"0":0,"1":0,"2":0,"3":0,"4":0,"5":0,"6":0,"7":0,"8":0,"9":0,"10":0,"11":0,"12":0,"13":0,"14":0,"15":0,"16":0,"17":0,"18":0,"19":0,"20":0,"21":0,"22":0,"23":0,"24":0,"25":0,"26":0,"27":0,"28":0,"29":0,"30":0,"31":0,"32":0,"33":0,"34":0,"35":0,"36":0,"37":0,"38":0,"39":0,"40":0,"41":0,"42":0},"f":{"0":0,"1":0,"2":0},"b":{"0":[0],"1":[0],"2":[0,0],"3":[0,0],"4":[0],"5":[0,0],"6":[0,0]}},"/Users/brucelee/Documents/GitHub/family-tree/src/lib/firebase.ts":{"path":"/Users/brucelee/Documents/GitHub/family-tree/src/lib/firebase.ts","statementMap":{"0":{"start":{"line":17,"column":9},"end":{"line":17,"column":null}},"1":{"start":{"line":1,"column":30},"end":{"line":1,"column":null}},"2":{"start":{"line":2,"column":24},"end":{"line":2,"column":null}},"3":{"start":{"line":4,"column":23},"end":{"line":11,"column":null}},"4":{"start":{"line":14,"column":12},"end":{"line":14,"column":null}},"5":{"start":{"line":15,"column":13},"end":{"line":15,"column":null}}},"fnMap":{},"branchMap":{},"s":{"0":0,"1":0,"2":0,"3":0,"4":0,"5":0},"f":{},"b":{}},"/Users/brucelee/Documents/GitHub/family-tree/src/lib/logger.ts":{"path":"/Users/brucelee/Documents/GitHub/family-tree/src/lib/logger.ts","statementMap":{"0":{"start":{"line":99,"column":13},"end":{"line":99,"column":22}},"1":{"start":{"line":14,"column":10},"end":{"line":17,"column":null}},"2":{"start":{"line":31,"column":3},"end":{"line":37,"column":null}},"3":{"start":{"line":21,"column":25},"end":{"line":21,"column":null}},"4":{"start":{"line":23,"column":4},"end":{"line":26,"column":null}},"5":{"start":{"line":43,"column":4},"end":{"line":44,"column":null}},"6":{"start":{"line":51,"column":4},"end":{"line":53,"column":null}},"7":{"start":{"line":52,"column":6},"end":{"line":52,"column":null}},"8":{"start":{"line":60,"column":4},"end":{"line":62,"column":null}},"9":{"start":{"line":61,"column":6},"end":{"line":61,"column":null}},"10":{"start":{"line":69,"column":4},"end":{"line":71,"column":null}},"11":{"start":{"line":70,"column":6},"end":{"line":70,"column":null}},"12":{"start":{"line":78,"column":4},"end":{"line":80,"column":null}},"13":{"start":{"line":79,"column":6},"end":{"line":79,"column":null}},"14":{"start":{"line":87,"column":4},"end":{"line":87,"column":null}},"15":{"start":{"line":94,"column":4},"end":{"line":94,"column":null}},"16":{"start":{"line":99,"column":22},"end":{"line":99,"column":null}}},"fnMap":{"0":{"name":"(anonymous_1)","decl":{"start":{"line":19,"column":2},"end":{"line":19,"column":14}},"loc":{"start":{"line":19,"column":48},"end":{"line":27,"column":null}}},"1":{"name":"(anonymous_2)","decl":{"start":{"line":42,"column":2},"end":{"line":42,"column":19}},"loc":{"start":{"line":42,"column":46},"end":{"line":45,"column":null}}},"2":{"name":"(anonymous_3)","decl":{"start":{"line":50,"column":2},"end":{"line":50,"column":8}},"loc":{"start":{"line":50,"column":47},"end":{"line":54,"column":null}}},"3":{"name":"(anonymous_4)","decl":{"start":{"line":59,"column":2},"end":{"line":59,"column":7}},"loc":{"start":{"line":59,"column":46},"end":{"line":63,"column":null}}},"4":{"name":"(anonymous_5)","decl":{"start":{"line":68,"column":2},"end":{"line":68,"column":7}},"loc":{"start":{"line":68,"column":46},"end":{"line":72,"column":null}}},"5":{"name":"(anonymous_6)","decl":{"start":{"line":77,"column":2},"end":{"line":77,"column":8}},"loc":{"start":{"line":77,"column":47},"end":{"line":81,"column":null}}},"6":{"name":"(anonymous_7)","decl":{"start":{"line":86,"column":2},"end":{"line":86,"column":11}},"loc":{"start":{"line":86,"column":34},"end":{"line":88,"column":null}}},"7":{"name":"(anonymous_8)","decl":{"start":{"line":93,"column":2},"end":{"line":93,"column":16}},"loc":{"start":{"line":93,"column":39},"end":{"line":95,"column":null}}}},"branchMap":{"0":{"loc":{"start":{"line":21,"column":25},"end":{"line":21,"column":null}},"type":"cond-expr","locations":[{"start":{"line":21,"column":65},"end":{"line":21,"column":74}},{"start":{"line":21,"column":74},"end":{"line":21,"column":null}}]},"1":{"loc":{"start":{"line":24,"column":13},"end":{"line":24,"column":null}},"type":"binary-expr","locations":[{"start":{"line":24,"column":13},"end":{"line":24,"column":31}},{"start":{"line":24,"column":31},"end":{"line":24,"column":null}}]},"2":{"loc":{"start":{"line":25,"column":21},"end":{"line":25,"column":null}},"type":"binary-expr","locations":[{"start":{"line":25,"column":21},"end":{"line":25,"column":47}},{"start":{"line":25,"column":47},"end":{"line":25,"column":null}}]},"3":{"loc":{"start":{"line":43,"column":11},"end":{"line":44,"column":78}},"type":"binary-expr","locations":[{"start":{"line":43,"column":11},"end":{"line":43,"column":37}},{"start":{"line":44,"column":11},"end":{"line":44,"column":78}}]},"4":{"loc":{"start":{"line":51,"column":4},"end":{"line":53,"column":null}},"type":"if","locations":[{"start":{"line":51,"column":4},"end":{"line":53,"column":null}}]},"5":{"loc":{"start":{"line":60,"column":4},"end":{"line":62,"column":null}},"type":"if","locations":[{"start":{"line":60,"column":4},"end":{"line":62,"column":null}}]},"6":{"loc":{"start":{"line":69,"column":4},"end":{"line":71,"column":null}},"type":"if","locations":[{"start":{"line":69,"column":4},"end":{"line":71,"column":null}}]},"7":{"loc":{"start":{"line":78,"column":4},"end":{"line":80,"column":null}},"type":"if","locations":[{"start":{"line":78,"column":4},"end":{"line":80,"column":null}}]}},"s":{"0":0,"1":0,"2":0,"3":0,"4":0,"5":0,"6":0,"7":0,"8":0,"9":0,"10":0,"11":0,"12":0,"13":0,"14":0,"15":0,"16":0},"f":{"0":0,"1":0,"2":0,"3":0,"4":0,"5":0,"6":0,"7":0},"b":{"0":[0,0],"1":[0,0],"2":[0,0],"3":[0,0],"4":[0],"5":[0],"6":[0],"7":[0]}},"/Users/brucelee/Documents/GitHub/family-tree/src/components/Navbar.tsx":{"path":"/Users/brucelee/Documents/GitHub/family-tree/src/components/Navbar.tsx","statementMap":{"0":{"start":{"line":177,"column":0},"end":{"line":177,"column":15}},"1":{"start":{"line":3,"column":32},"end":{"line":3,"column":null}},"2":{"start":{"line":4,"column":17},"end":{"line":4,"column":null}},"3":{"start":{"line":5,"column":28},"end":{"line":5,"column":null}},"4":{"start":{"line":6,"column":19},"end":{"line":6,"column":null}},"5":{"start":{"line":7,"column":23},"end":{"line":7,"column":null}},"6":{"start":{"line":8,"column":52},"end":{"line":8,"column":null}},"7":{"start":{"line":9,"column":24},"end":{"line":9,"column":null}},"8":{"start":{"line":10,"column":24},"end":{"line":10,"column":null}},"9":{"start":{"line":18,"column":7},"end":{"line":18,"column":null}},"10":{"start":{"line":19,"column":51},"end":{"line":19,"column":null}},"11":{"start":{"line":21,"column":17},"end":{"line":26,"column":null}},"12":{"start":{"line":28,"column":15},"end":{"line":175,"column":null}},"13":{"start":{"line":29,"column":19},"end":{"line":29,"column":null}},"14":{"start":{"line":30,"column":44},"end":{"line":30,"column":null}},"15":{"start":{"line":31,"column":48},"end":{"line":31,"column":null}},"16":{"start":{"line":32,"column":46},"end":{"line":32,"column":null}},"17":{"start":{"line":52,"column":14},"end":{"line":52,"column":null}},"18":{"start":{"line":88,"column":49},"end":{"line":88,"column":59}},"19":{"start":{"line":95,"column":35},"end":{"line":95,"column":61}},"20":{"start":{"line":104,"column":25},"end":{"line":104,"column":null}},"21":{"start":{"line":116,"column":14},"end":{"line":116,"column":null}},"22":{"start":{"line":123,"column":33},"end":{"line":123,"column":null}},"23":{"start":{"line":136,"column":35},"end":{"line":136,"column":null}},"24":{"start":{"line":145,"column":22},"end":{"line":145,"column":null}},"25":{"start":{"line":146,"column":22},"end":{"line":146,"column":null}},"26":{"start":{"line":159,"column":20},"end":{"line":159,"column":null}},"27":{"start":{"line":160,"column":20},"end":{"line":160,"column":null}},"28":{"start":{"line":172,"column":57},"end":{"line":172,"column":null}},"29":{"start":{"line":177,"column":15},"end":{"line":177,"column":null}}},"fnMap":{"0":{"name":"(anonymous_5)","decl":{"start":{"line":28,"column":15},"end":{"line":28,"column":null}},"loc":{"start":{"line":28,"column":15},"end":{"line":175,"column":null}}},"1":{"name":"(anonymous_6)","decl":{"start":{"line":51,"column":26},"end":{"line":51,"column":27}},"loc":{"start":{"line":52,"column":14},"end":{"line":52,"column":null}}},"2":{"name":"(anonymous_7)","decl":{"start":{"line":88,"column":43},"end":{"line":88,"column":49}},"loc":{"start":{"line":88,"column":49},"end":{"line":88,"column":59}}},"3":{"name":"(anonymous_8)","decl":{"start":{"line":95,"column":29},"end":{"line":95,"column":35}},"loc":{"start":{"line":95,"column":35},"end":{"line":95,"column":61}}},"4":{"name":"(anonymous_9)","decl":{"start":{"line":104,"column":19},"end":{"line":104,"column":25}},"loc":{"start":{"line":104,"column":25},"end":{"line":104,"column":null}}},"5":{"name":"(anonymous_10)","decl":{"start":{"line":115,"column":26},"end":{"line":115,"column":27}},"loc":{"start":{"line":116,"column":14},"end":{"line":116,"column":null}}},"6":{"name":"(anonymous_11)","decl":{"start":{"line":123,"column":27},"end":{"line":123,"column":33}},"loc":{"start":{"line":123,"column":33},"end":{"line":123,"column":null}}},"7":{"name":"(anonymous_12)","decl":{"start":{"line":136,"column":29},"end":{"line":136,"column":35}},"loc":{"start":{"line":136,"column":35},"end":{"line":136,"column":null}}},"8":{"name":"(anonymous_13)","decl":{"start":{"line":144,"column":29},"end":{"line":144,"column":null}},"loc":{"start":{"line":144,"column":29},"end":{"line":147,"column":null}}},"9":{"name":"(anonymous_14)","decl":{"start":{"line":158,"column":27},"end":{"line":158,"column":null}},"loc":{"start":{"line":158,"column":27},"end":{"line":161,"column":null}}},"10":{"name":"(anonymous_15)","decl":{"start":{"line":172,"column":51},"end":{"line":172,"column":57}},"loc":{"start":{"line":172,"column":57},"end":{"line":172,"column":null}}}},"branchMap":{"0":{"loc":{"start":{"line":57,"column":20},"end":{"line":57,"column":null}},"type":"binary-expr","locations":[{"start":{"line":57,"column":20},"end":{"line":57,"column":42}},{"start":{"line":57,"column":46},"end":{"line":57,"column":null}}]},"1":{"loc":{"start":{"line":59,"column":32},"end":{"line":59,"column":null}},"type":"cond-expr","locations":[{"start":{"line":59,"column":57},"end":{"line":59,"column":66}},{"start":{"line":59,"column":66},"end":{"line":59,"column":null}}]},"2":{"loc":{"start":{"line":68,"column":12},"end":{"line":95,"column":13}},"type":"cond-expr","locations":[{"start":{"line":68,"column":12},"end":{"line":95,"column":13}}]},"3":{"loc":{"start":{"line":72,"column":95},"end":{"line":72,"column":null}},"type":"binary-expr","locations":[{"start":{"line":72,"column":95},"end":{"line":72,"column":109}},{"start":{"line":72,"column":109},"end":{"line":72,"column":null}}]},"4":{"loc":{"start":{"line":105,"column":22},"end":{"line":105,"column":null}},"type":"cond-expr","locations":[{"start":{"line":105,"column":39},"end":{"line":105,"column":54}},{"start":{"line":105,"column":54},"end":{"line":105,"column":null}}]},"5":{"loc":{"start":{"line":107,"column":28},"end":{"line":107,"column":57}},"type":"cond-expr","locations":[{"start":{"line":107,"column":28},"end":{"line":107,"column":57}}]},"6":{"loc":{"start":{"line":112,"column":7},"end":{"line":112,"column":null}},"type":"binary-expr","locations":[{"start":{"line":112,"column":7},"end":{"line":112,"column":null}}]},"7":{"loc":{"start":{"line":121,"column":20},"end":{"line":121,"column":null}},"type":"binary-expr","locations":[{"start":{"line":121,"column":20},"end":{"line":121,"column":42}},{"start":{"line":121,"column":46},"end":{"line":121,"column":null}}]},"8":{"loc":{"start":{"line":124,"column":32},"end":{"line":124,"column":null}},"type":"cond-expr","locations":[{"start":{"line":124,"column":57},"end":{"line":124,"column":66}},{"start":{"line":124,"column":66},"end":{"line":124,"column":null}}]},"9":{"loc":{"start":{"line":131,"column":14},"end":{"line":156,"column":15}},"type":"cond-expr","locations":[{"start":{"line":131,"column":14},"end":{"line":156,"column":15}}]}},"s":{"0":0,"1":0,"2":0,"3":0,"4":0,"5":0,"6":0,"7":0,"8":0,"9":0,"10":0,"11":0,"12":0,"13":0,"14":0,"15":0,"16":0,"17":0,"18":0,"19":0,"20":0,"21":0,"22":0,"23":0,"24":0,"25":0,"26":0,"27":0,"28":0,"29":0},"f":{"0":0,"1":0,"2":0,"3":0,"4":0,"5":0,"6":0,"7":0,"8":0,"9":0,"10":0},"b":{"0":[0,0],"1":[0,0],"2":[0],"3":[0,0],"4":[0,0],"5":[0],"6":[0],"7":[0,0],"8":[0,0],"9":[0]}},"/Users/brucelee/Documents/GitHub/family-tree/src/components/Footer.tsx":{"path":"/Users/brucelee/Documents/GitHub/family-tree/src/components/Footer.tsx","statementMap":{"0":{"start":{"line":108,"column":0},"end":{"line":108,"column":15}},"1":{"start":{"line":1,"column":18},"end":{"line":1,"column":null}},"2":{"start":{"line":2,"column":17},"end":{"line":2,"column":null}},"3":{"start":{"line":3,"column":38},"end":{"line":3,"column":null}},"4":{"start":{"line":5,"column":15},"end":{"line":106,"column":null}},"5":{"start":{"line":108,"column":15},"end":{"line":108,"column":null}}},"fnMap":{"0":{"name":"(anonymous_2)","decl":{"start":{"line":5,"column":15},"end":{"line":5,"column":null}},"loc":{"start":{"line":5,"column":15},"end":{"line":106,"column":null}}}},"branchMap":{},"s":{"0":0,"1":0,"2":0,"3":0,"4":0,"5":0},"f":{"0":0},"b":{}},"/Users/brucelee/Documents/GitHub/family-tree/src/hooks/useFamilyTree.ts":{"path":"/Users/brucelee/Documents/GitHub/family-tree/src/hooks/useFamilyTree.ts","statementMap":{"0":{"start":{"line":23,"column":16},"end":{"line":23,"column":null}},"1":{"start":{"line":1,"column":36},"end":{"line":1,"column":null}},"2":{"start":{"line":10,"column":7},"end":{"line":10,"column":null}},"3":{"start":{"line":11,"column":37},"end":{"line":11,"column":null}},"4":{"start":{"line":12,"column":43},"end":{"line":12,"column":null}},"5":{"start":{"line":25,"column":38},"end":{"line":25,"column":null}},"6":{"start":{"line":26,"column":48},"end":{"line":26,"column":null}},"7":{"start":{"line":27,"column":36},"end":{"line":27,"column":null}},"8":{"start":{"line":28,"column":36},"end":{"line":28,"column":null}},"9":{"start":{"line":29,"column":28},"end":{"line":29,"column":null}},"10":{"start":{"line":32,"column":17},"end":{"line":32,"column":null}},"11":{"start":{"line":33,"column":23},"end":{"line":33,"column":null}},"12":{"start":{"line":36,"column":2},"end":{"line":38,"column":null}},"13":{"start":{"line":37,"column":4},"end":{"line":37,"column":null}},"14":{"start":{"line":43,"column":19},"end":{"line":72,"column":null}},"15":{"start":{"line":44,"column":4},"end":{"line":71,"column":null}},"16":{"start":{"line":45,"column":6},"end":{"line":45,"column":null}},"17":{"start":{"line":46,"column":6},"end":{"line":46,"column":null}},"18":{"start":{"line":49,"column":29},"end":{"line":49,"column":null}},"19":{"start":{"line":52,"column":27},"end":{"line":52,"column":null}},"20":{"start":{"line":54,"column":6},"end":{"line":65,"column":null}},"21":{"start":{"line":56,"column":29},"end":{"line":56,"column":null}},"22":{"start":{"line":58,"column":8},"end":{"line":61,"column":null}},"23":{"start":{"line":60,"column":10},"end":{"line":60,"column":null}},"24":{"start":{"line":64,"column":8},"end":{"line":64,"column":null}},"25":{"start":{"line":67,"column":6},"end":{"line":67,"column":null}},"26":{"start":{"line":68,"column":6},"end":{"line":68,"column":null}},"27":{"start":{"line":70,"column":6},"end":{"line":70,"column":null}},"28":{"start":{"line":79,"column":27},"end":{"line":99,"column":null}},"29":{"start":{"line":80,"column":4},"end":{"line":98,"column":null}},"30":{"start":{"line":81,"column":6},"end":{"line":81,"column":null}},"31":{"start":{"line":82,"column":27},"end":{"line":82,"column":null}},"32":{"start":{"line":84,"column":6},"end":{"line":93,"column":null}},"33":{"start":{"line":85,"column":8},"end":{"line":85,"column":null}},"34":{"start":{"line":86,"column":8},"end":{"line":86,"column":null}},"35":{"start":{"line":87,"column":8},"end":{"line":87,"column":null}},"36":{"start":{"line":88,"column":8},"end":{"line":88,"column":null}},"37":{"start":{"line":89,"column":8},"end":{"line":89,"column":null}},"38":{"start":{"line":91,"column":8},"end":{"line":91,"column":null}},"39":{"start":{"line":92,"column":8},"end":{"line":92,"column":null}},"40":{"start":{"line":95,"column":6},"end":{"line":95,"column":null}},"41":{"start":{"line":96,"column":6},"end":{"line":96,"column":null}},"42":{"start":{"line":97,"column":6},"end":{"line":97,"column":null}},"43":{"start":{"line":104,"column":31},"end":{"line":112,"column":null}},"44":{"start":{"line":105,"column":28},"end":{"line":105,"column":null}},"45":{"start":{"line":106,"column":4},"end":{"line":111,"column":null}},"46":{"start":{"line":107,"column":6},"end":{"line":107,"column":null}},"47":{"start":{"line":108,"column":6},"end":{"line":108,"column":null}},"48":{"start":{"line":109,"column":6},"end":{"line":109,"column":null}},"49":{"start":{"line":110,"column":6},"end":{"line":110,"column":null}},"50":{"start":{"line":118,"column":32},"end":{"line":126,"column":null}},"51":{"start":{"line":119,"column":4},"end":{"line":125,"column":null}},"52":{"start":{"line":120,"column":25},"end":{"line":120,"column":null}},"53":{"start":{"line":121,"column":6},"end":{"line":121,"column":null}},"54":{"start":{"line":122,"column":6},"end":{"line":122,"column":null}},"55":{"start":{"line":124,"column":6},"end":{"line":124,"column":null}},"56":{"start":{"line":131,"column":29},"end":{"line":133,"column":null}},"57":{"start":{"line":132,"column":4},"end":{"line":132,"column":null}},"58":{"start":{"line":138,"column":26},"end":{"line":149,"column":null}},"59":{"start":{"line":139,"column":26},"end":{"line":139,"column":null}},"60":{"start":{"line":140,"column":4},"end":{"line":140,"column":null}},"61":{"start":{"line":141,"column":4},"end":{"line":141,"column":null}},"62":{"start":{"line":142,"column":4},"end":{"line":142,"column":null}},"63":{"start":{"line":143,"column":4},"end":{"line":143,"column":null}},"64":{"start":{"line":146,"column":4},"end":{"line":148,"column":null}},"65":{"start":{"line":147,"column":6},"end":{"line":147,"column":null}},"66":{"start":{"line":155,"column":28},"end":{"line":159,"column":null}},"67":{"start":{"line":156,"column":4},"end":{"line":156,"column":null}},"68":{"start":{"line":157,"column":4},"end":{"line":157,"column":null}},"69":{"start":{"line":158,"column":4},"end":{"line":158,"column":null}},"70":{"start":{"line":164,"column":24},"end":{"line":169,"column":null}},"71":{"start":{"line":165,"column":4},"end":{"line":168,"column":null}},"72":{"start":{"line":166,"column":6},"end":{"line":166,"column":null}},"73":{"start":{"line":167,"column":6},"end":{"line":167,"column":null}},"74":{"start":{"line":171,"column":2},"end":{"line":185,"column":null}}},"fnMap":{"0":{"name":"useFamilyTree","decl":{"start":{"line":23,"column":16},"end":{"line":23,"column":null}},"loc":{"start":{"line":23,"column":16},"end":{"line":186,"column":null}}},"1":{"name":"(anonymous_2)","decl":{"start":{"line":36,"column":12},"end":{"line":36,"column":null}},"loc":{"start":{"line":36,"column":12},"end":{"line":38,"column":5}}},"2":{"name":"(anonymous_3)","decl":{"start":{"line":43,"column":19},"end":{"line":43,"column":null}},"loc":{"start":{"line":43,"column":19},"end":{"line":72,"column":null}}},"3":{"name":"(anonymous_4)","decl":{"start":{"line":79,"column":27},"end":{"line":79,"column":34}},"loc":{"start":{"line":79,"column":34},"end":{"line":99,"column":null}}},"4":{"name":"(anonymous_5)","decl":{"start":{"line":104,"column":31},"end":{"line":104,"column":null}},"loc":{"start":{"line":104,"column":31},"end":{"line":112,"column":null}}},"5":{"name":"(anonymous_6)","decl":{"start":{"line":118,"column":32},"end":{"line":118,"column":33}},"loc":{"start":{"line":118,"column":33},"end":{"line":126,"column":null}}},"6":{"name":"(anonymous_7)","decl":{"start":{"line":131,"column":29},"end":{"line":131,"column":null}},"loc":{"start":{"line":131,"column":29},"end":{"line":133,"column":null}}},"7":{"name":"(anonymous_8)","decl":{"start":{"line":138,"column":26},"end":{"line":138,"column":null}},"loc":{"start":{"line":138,"column":26},"end":{"line":149,"column":null}}},"8":{"name":"(anonymous_9)","decl":{"start":{"line":155,"column":28},"end":{"line":155,"column":29}},"loc":{"start":{"line":155,"column":29},"end":{"line":159,"column":null}}},"9":{"name":"(anonymous_10)","decl":{"start":{"line":164,"column":24},"end":{"line":164,"column":null}},"loc":{"start":{"line":164,"column":24},"end":{"line":169,"column":null}}}},"branchMap":{"0":{"loc":{"start":{"line":54,"column":6},"end":{"line":65,"column":null}},"type":"if","locations":[{"start":{"line":54,"column":6},"end":{"line":65,"column":null}},{"start":{"line":62,"column":13},"end":{"line":65,"column":null}}]},"1":{"loc":{"start":{"line":54,"column":10},"end":{"line":54,"column":42}},"type":"binary-expr","locations":[{"start":{"line":54,"column":10},"end":{"line":54,"column":28}},{"start":{"line":54,"column":28},"end":{"line":54,"column":42}}]},"2":{"loc":{"start":{"line":58,"column":8},"end":{"line":61,"column":null}},"type":"if","locations":[{"start":{"line":58,"column":8},"end":{"line":61,"column":null}}]},"3":{"loc":{"start":{"line":67,"column":15},"end":{"line":67,"column":null}},"type":"cond-expr","locations":[{"start":{"line":67,"column":38},"end":{"line":67,"column":49}},{"start":{"line":67,"column":52},"end":{"line":67,"column":null}}]},"4":{"loc":{"start":{"line":84,"column":6},"end":{"line":93,"column":null}},"type":"if","locations":[{"start":{"line":84,"column":6},"end":{"line":93,"column":null}},{"start":{"line":90,"column":13},"end":{"line":93,"column":null}}]},"5":{"loc":{"start":{"line":96,"column":15},"end":{"line":96,"column":null}},"type":"cond-expr","locations":[{"start":{"line":96,"column":38},"end":{"line":96,"column":49}},{"start":{"line":96,"column":52},"end":{"line":96,"column":null}}]},"6":{"loc":{"start":{"line":106,"column":4},"end":{"line":111,"column":null}},"type":"if","locations":[{"start":{"line":106,"column":4},"end":{"line":111,"column":null}}]},"7":{"loc":{"start":{"line":106,"column":8},"end":{"line":106,"column":63}},"type":"binary-expr","locations":[{"start":{"line":106,"column":8},"end":{"line":106,"column":27}},{"start":{"line":106,"column":27},"end":{"line":106,"column":63}}]},"8":{"loc":{"start":{"line":119,"column":4},"end":{"line":125,"column":null}},"type":"if","locations":[{"start":{"line":119,"column":4},"end":{"line":125,"column":null}},{"start":{"line":123,"column":11},"end":{"line":125,"column":null}}]},"9":{"loc":{"start":{"line":146,"column":4},"end":{"line":148,"column":null}},"type":"if","locations":[{"start":{"line":146,"column":4},"end":{"line":148,"column":null}}]},"10":{"loc":{"start":{"line":165,"column":4},"end":{"line":168,"column":null}},"type":"if","locations":[{"start":{"line":165,"column":4},"end":{"line":168,"column":null}}]}},"s":{"0":0,"1":0,"2":0,"3":0,"4":0,"5":0,"6":0,"7":0,"8":0,"9":0,"10":0,"11":0,"12":0,"13":0,"14":0,"15":0,"16":0,"17":0,"18":0,"19":0,"20":0,"21":0,"22":0,"23":0,"24":0,"25":0,"26":0,"27":0,"28":0,"29":0,"30":0,"31":0,"32":0,"33":0,"34":0,"35":0,"36":0,"37":0,"38":0,"39":0,"40":0,"41":0,"42":0,"43":0,"44":0,"45":0,"46":0,"47":0,"48":0,"49":0,"50":0,"51":0,"52":0,"53":0,"54":0,"55":0,"56":0,"57":0,"58":0,"59":0,"60":0,"61":0,"62":0,"63":0,"64":0,"65":0,"66":0,"67":0,"68":0,"69":0,"70":0,"71":0,"72":0,"73":0,"74":0},"f":{"0":0,"1":0,"2":0,"3":0,"4":0,"5":0,"6":0,"7":0,"8":0,"9":0},"b":{"0":[0,0],"1":[0,0],"2":[0],"3":[0,0],"4":[0,0],"5":[0,0],"6":[0],"7":[0,0],"8":[0,0],"9":[0],"10":[0]}},"/Users/brucelee/Documents/GitHub/family-tree/src/lib/utils.ts":{"path":"/Users/brucelee/Documents/GitHub/family-tree/src/lib/utils.ts","statementMap":{"0":{"start":{"line":4,"column":16},"end":{"line":4,"column":19}},"1":{"start":{"line":1,"column":38},"end":{"line":1,"column":null}},"2":{"start":{"line":2,"column":24},"end":{"line":2,"column":null}},"3":{"start":{"line":5,"column":2},"end":{"line":5,"column":null}}},"fnMap":{"0":{"name":"cn","decl":{"start":{"line":4,"column":16},"end":{"line":4,"column":19}},"loc":{"start":{"line":4,"column":42},"end":{"line":6,"column":null}}}},"branchMap":{},"s":{"0":0,"1":0,"2":0,"3":0},"f":{"0":0},"b":{}},"/Users/brucelee/Documents/GitHub/family-tree/src/lib/test-utils.tsx":{"path":"/Users/brucelee/Documents/GitHub/family-tree/src/lib/test-utils.tsx","statementMap":{"0":{"start":{"line":39,"column":9},"end":{"line":39,"column":16}},"1":{"start":{"line":38,"column":9},"end":{"line":38,"column":25}},"2":{"start":{"line":1,"column":36},"end":{"line":1,"column":null}},"3":{"start":{"line":2,"column":60},"end":{"line":2,"column":null}},"4":{"start":{"line":8,"column":25},"end":{"line":10,"column":null}},"5":{"start":{"line":13,"column":24},"end":{"line":19,"column":null}},"6":{"start":{"line":22,"column":21},"end":{"line":34,"column":null}},"7":{"start":{"line":26,"column":17},"end":{"line":26,"column":null}},"8":{"start":{"line":27,"column":2},"end":{"line":33,"column":null}},"9":{"start":{"line":30,"column":32},"end":{"line":32,"column":null}},"10":{"start":{"line":31,"column":6},"end":{"line":31,"column":null}},"11":{"start":{"line":31,"column":26},"end":{"line":31,"column":null}}},"fnMap":{"0":{"name":"(anonymous_9)","decl":{"start":{"line":8,"column":25},"end":{"line":8,"column":26}},"loc":{"start":{"line":8,"column":69},"end":{"line":10,"column":null}}},"1":{"name":"(anonymous_10)","decl":{"start":{"line":13,"column":24},"end":{"line":13,"column":25}},"loc":{"start":{"line":13,"column":68},"end":{"line":19,"column":null}}},"2":{"name":"(anonymous_11)","decl":{"start":{"line":22,"column":21},"end":{"line":22,"column":null}},"loc":{"start":{"line":24,"column":2},"end":{"line":34,"column":null}}},"3":{"name":"(anonymous_12)","decl":{"start":{"line":30,"column":20},"end":{"line":30,"column":32}},"loc":{"start":{"line":30,"column":32},"end":{"line":32,"column":null}}},"4":{"name":"(anonymous_13)","decl":{"start":{"line":30,"column":42},"end":{"line":30,"column":null}},"loc":{"start":{"line":30,"column":42},"end":{"line":32,"column":null}}},"5":{"name":"(anonymous_14)","decl":{"start":{"line":31,"column":20},"end":{"line":31,"column":26}},"loc":{"start":{"line":31,"column":26},"end":{"line":31,"column":null}}}},"branchMap":{},"s":{"0":0,"1":0,"2":0,"3":0,"4":0,"5":0,"6":0,"7":0,"8":0,"9":0,"10":0,"11":0},"f":{"0":0,"1":0,"2":0,"3":0,"4":0,"5":0},"b":{}},"/Users/brucelee/Documents/GitHub/family-tree/src/lib/token-verifier.ts":{"path":"/Users/brucelee/Documents/GitHub/family-tree/src/lib/token-verifier.ts","statementMap":{"0":{"start":{"line":32,"column":22},"end":{"line":32,"column":42}},"1":{"start":{"line":1,"column":16},"end":{"line":1,"column":null}},"2":{"start":{"line":2,"column":23},"end":{"line":2,"column":null}},"3":{"start":{"line":5,"column":15},"end":{"line":10,"column":null}},"4":{"start":{"line":13,"column":15},"end":{"line":29,"column":null}},"5":{"start":{"line":14,"column":2},"end":{"line":28,"column":null}},"6":{"start":{"line":15,"column":4},"end":{"line":18,"column":null}},"7":{"start":{"line":16,"column":6},"end":{"line":16,"column":null}},"8":{"start":{"line":17,"column":6},"end":{"line":17,"column":null}},"9":{"start":{"line":21,"column":4},"end":{"line":24,"column":null}},"10":{"start":{"line":22,"column":6},"end":{"line":22,"column":null}},"11":{"start":{"line":23,"column":6},"end":{"line":23,"column":null}},"12":{"start":{"line":26,"column":23},"end":{"line":26,"column":null}},"13":{"start":{"line":27,"column":4},"end":{"line":27,"column":null}},"14":{"start":{"line":33,"column":2},"end":{"line":52,"column":null}},"15":{"start":{"line":34,"column":4},"end":{"line":50,"column":null}},"16":{"start":{"line":43,"column":8},"end":{"line":47,"column":null}},"17":{"start":{"line":44,"column":10},"end":{"line":44,"column":null}},"18":{"start":{"line":45,"column":10},"end":{"line":45,"column":null}},"19":{"start":{"line":46,"column":10},"end":{"line":46,"column":null}},"20":{"start":{"line":49,"column":8},"end":{"line":49,"column":null}}},"fnMap":{"0":{"name":"(anonymous_2)","decl":{"start":{"line":13,"column":15},"end":{"line":13,"column":16}},"loc":{"start":{"line":13,"column":39},"end":{"line":29,"column":null}}},"1":{"name":"(anonymous_3)","decl":{"start":{"line":14,"column":35},"end":{"line":14,"column":36}},"loc":{"start":{"line":14,"column":41},"end":{"line":28,"column":null}}},"2":{"name":"verifyFirebaseToken","decl":{"start":{"line":32,"column":22},"end":{"line":32,"column":42}},"loc":{"start":{"line":32,"column":55},"end":{"line":53,"column":null}}},"3":{"name":"(anonymous_5)","decl":{"start":{"line":33,"column":21},"end":{"line":33,"column":22}},"loc":{"start":{"line":33,"column":31},"end":{"line":52,"column":null}}},"4":{"name":"(anonymous_6)","decl":{"start":{"line":42,"column":6},"end":{"line":42,"column":7}},"loc":{"start":{"line":42,"column":12},"end":{"line":50,"column":null}}}},"branchMap":{"0":{"loc":{"start":{"line":15,"column":4},"end":{"line":18,"column":null}},"type":"if","locations":[{"start":{"line":15,"column":4},"end":{"line":18,"column":null}}]},"1":{"loc":{"start":{"line":21,"column":4},"end":{"line":24,"column":null}},"type":"if","locations":[{"start":{"line":21,"column":4},"end":{"line":24,"column":null}}]},"2":{"loc":{"start":{"line":43,"column":8},"end":{"line":47,"column":null}},"type":"if","locations":[{"start":{"line":43,"column":8},"end":{"line":47,"column":null}}]}},"s":{"0":0,"1":0,"2":0,"3":0,"4":0,"5":0,"6":0,"7":0,"8":0,"9":0,"10":0,"11":0,"12":0,"13":0,"14":0,"15":0,"16":0,"17":0,"18":0,"19":0,"20":0},"f":{"0":0,"1":0,"2":0,"3":0,"4":0},"b":{"0":[0],"1":[0],"2":[0]}},"/Users/brucelee/Documents/GitHub/family-tree/src/db/schema.ts":{"path":"/Users/brucelee/Documents/GitHub/family-tree/src/db/schema.ts","statementMap":{"0":{"start":{"line":4,"column":13},"end":{"line":4,"column":24}},"1":{"start":{"line":14,"column":13},"end":{"line":14,"column":20}},"2":{"start":{"line":32,"column":13},"end":{"line":32,"column":18}},"3":{"start":{"line":1,"column":64},"end":{"line":1,"column":null}},"4":{"start":{"line":4,"column":27},"end":{"line":11,"column":null}},"5":{"start":{"line":14,"column":23},"end":{"line":29,"column":null}},"6":{"start":{"line":32,"column":21},"end":{"line":39,"column":null}}},"fnMap":{},"branchMap":{},"s":{"0":0,"1":0,"2":0,"3":0,"4":0,"5":0,"6":0},"f":{},"b":{}},"/Users/brucelee/Documents/GitHub/family-tree/src/lib/relationship-validator.ts":{"path":"/Users/brucelee/Documents/GitHub/family-tree/src/lib/relationship-validator.ts","statementMap":{"0":{"start":{"line":30,"column":16},"end":{"line":30,"column":41}},"1":{"start":{"line":1,"column":63},"end":{"line":1,"column":null}},"2":{"start":{"line":6,"column":12},"end":{"line":6,"column":null}},"3":{"start":{"line":11,"column":46},"end":{"line":11,"column":53}},"4":{"start":{"line":36,"column":2},"end":{"line":42,"column":null}},"5":{"start":{"line":37,"column":4},"end":{"line":41,"column":null}},"6":{"start":{"line":45,"column":17},"end":{"line":45,"column":null}},"7":{"start":{"line":45,"column":46},"end":{"line":45,"column":null}},"8":{"start":{"line":46,"column":23},"end":{"line":46,"column":null}},"9":{"start":{"line":46,"column":52},"end":{"line":46,"column":82}},"10":{"start":{"line":48,"column":2},"end":{"line":53,"column":null}},"11":{"start":{"line":49,"column":4},"end":{"line":52,"column":null}},"12":{"start":{"line":56,"column":2},"end":{"line":68,"column":null}},"13":{"start":{"line":57,"column":33},"end":{"line":58,"column":null}},"14":{"start":{"line":58,"column":11},"end":{"line":58,"column":79}},"15":{"start":{"line":61,"column":4},"end":{"line":67,"column":null}},"16":{"start":{"line":62,"column":6},"end":{"line":66,"column":null}},"17":{"start":{"line":71,"column":25},"end":{"line":71,"column":null}},"18":{"start":{"line":72,"column":2},"end":{"line":74,"column":null}},"19":{"start":{"line":73,"column":4},"end":{"line":73,"column":null}},"20":{"start":{"line":77,"column":2},"end":{"line":82,"column":null}},"21":{"start":{"line":78,"column":24},"end":{"line":78,"column":null}},"22":{"start":{"line":79,"column":4},"end":{"line":81,"column":null}},"23":{"start":{"line":80,"column":6},"end":{"line":80,"column":null}},"24":{"start":{
[...]
/brucelee/Documents/GitHub/family-tree/src/components/starwind/button/Button.tsx","statementMap":{"0":{"start":{"line":75,"column":0},"end":{"line":75,"column":15}},"1":{"start":{"line":3,"column":18},"end":{"line":3,"column":null}},"2":{"start":{"line":4,"column":38},"end":{"line":4,"column":null}},"3":{"start":{"line":6,"column":15},"end":{"line":40,"column":null}},"4":{"start":{"line":50,"column":15},"end":{"line":70,"column":null}},"5":{"start":{"line":52,"column":4},"end":{"line":61,"column":null}},"6":{"start":{"line":73,"column":0},"end":{"line":73,"column":null}},"7":{"start":{"line":75,"column":15},"end":{"line":75,"column":null}}},"fnMap":{"0":{"name":"(anonymous_2)","decl":{"start":{"line":51,"column":2},"end":{"line":51,"column":3}},"loc":{"start":{"line":51,"column":49},"end":{"line":70,"column":null}}}},"branchMap":{"0":{"loc":{"start":{"line":52,"column":4},"end":{"line":61,"column":null}},"type":"if","locations":[{"start":{"line":52,"column":4},"end":{"line":61,"column":null}}]}},"s":{"0":0,"1":0,"2":0,"3":0,"4":0,"5":0,"6":0,"7":0},"f":{"0":0},"b":{"0":[0]}},"/Users/brucelee/Documents/GitHub/family-tree/src/components/ui/tooltip.tsx":{"path":"/Users/brucelee/Documents/GitHub/family-tree/src/components/ui/tooltip.tsx","statementMap":{"0":{"start":{"line":30,"column":9},"end":{"line":30,"column":16}},"1":{"start":{"line":30,"column":34},"end":{"line":30,"column":48}},"2":{"start":{"line":30,"column":50},"end":{"line":30,"column":65}},"3":{"start":{"line":30,"column":18},"end":{"line":30,"column":32}},"4":{"start":{"line":3,"column":23},"end":{"line":3,"column":null}},"5":{"start":{"line":4,"column":34},"end":{"line":4,"column":null}},"6":{"start":{"line":6,"column":19},"end":{"line":6,"column":null}},"7":{"start":{"line":8,"column":24},"end":{"line":8,"column":49}},"8":{"start":{"line":10,"column":16},"end":{"line":10,"column":37}},"9":{"start":{"line":12,"column":23},"end":{"line":12,"column":47}},"10":{"start":{"line":28,"column":0},"end":{"line":28,"column":null}}},"fnMap":{},"branchMap":{"0":{"loc":{"start":{"line":17,"column":16},"end":{"line":17,"column":30}},"type":"default-arg","locations":[{"start":{"line":17,"column":29},"end":{"line":17,"column":30}}]}},"s":{"0":0,"1":0,"2":0,"3":0,"4":0,"5":0,"6":0,"7":0,"8":0,"9":0,"10":0},"f":{},"b":{"0":[0]}},"/Users/brucelee/Documents/GitHub/family-tree/src/components/ui/badge.tsx":{"path":"/Users/brucelee/Documents/GitHub/family-tree/src/components/ui/badge.tsx","statementMap":{"0":{"start":{"line":42,"column":9},"end":{"line":42,"column":14}},"1":{"start":{"line":42,"column":16},"end":{"line":42,"column":29}},"2":{"start":{"line":1,"column":23},"end":{"line":1,"column":null}},"3":{"start":{"line":2,"column":39},"end":{"line":2,"column":null}},"4":{"start":{"line":4,"column":19},"end":{"line":4,"column":null}},"5":{"start":{"line":6,"column":22},"end":{"line":29,"column":null}}},"fnMap":{"0":{"name":"Badge","decl":{"start":{"line":36,"column":9},"end":{"line":36,"column":15}},"loc":{"start":{"line":36,"column":59},"end":{"line":40,"column":null}}}},"branchMap":{},"s":{"0":0,"1":0,"2":0,"3":0,"4":0,"5":0},"f":{"0":0},"b":{}},"/Users/brucelee/Documents/GitHub/family-tree/src/components/ui/tabs.tsx":{"path":"/Users/brucelee/Documents/GitHub/family-tree/src/components/ui/tabs.tsx","statementMap":{"0":{"start":{"line":55,"column":9},"end":{"line":55,"column":13}},"1":{"start":{"line":55,"column":38},"end":{"line":55,"column":49}},"2":{"start":{"line":55,"column":15},"end":{"line":55,"column":23}},"3":{"start":{"line":55,"column":25},"end":{"line":55,"column":36}},"4":{"start":{"line":3,"column":23},"end":{"line":3,"column":null}},"5":{"start":{"line":4,"column":31},"end":{"line":4,"column":null}},"6":{"start":{"line":6,"column":19},"end":{"line":6,"column":null}},"7":{"start":{"line":8,"column":13},"end":{"line":8,"column":31}},"8":{"start":{"line":23,"column":0},"end":{"line":23,"column":null}},"9":{"start":{"line":38,"column":0},"end":{"line":38,"column":null}},"10":{"start":{"line":53,"column":0},"end":{"line":53,"column":null}}},"fnMap":{},"branchMap":{},"s":{"0":0,"1":0,"2":0,"3":0,"4":0,"5":0,"6":0,"7":0,"8":0,"9":0,"10":0},"f":{},"b":{}},"/Users/brucelee/Documents/GitHub/family-tree/src/components/starwind/dialog/index.ts":{"path":"/Users/brucelee/Documents/GitHub/family-tree/src/components/starwind/dialog/index.ts","statementMap":{"0":{"start":{"line":13,"column":1},"end":{"line":13,"column":null}},"1":{"start":{"line":20,"column":1},"end":{"line":20,"column":null}},"2":{"start":{"line":15,"column":1},"end":{"line":15,"column":null}},"3":{"start":{"line":19,"column":1},"end":{"line":19,"column":null}},"4":{"start":{"line":17,"column":1},"end":{"line":17,"column":null}},"5":{"start":{"line":16,"column":1},"end":{"line":16,"column":null}},"6":{"start":{"line":18,"column":1},"end":{"line":18,"column":null}},"7":{"start":{"line":14,"column":1},"end":{"line":14,"column":null}},"8":{"start":{"line":23,"column":0},"end":{"line":23,"column":15}},"9":{"start":{"line":10,"column":7},"end":{"line":10,"column":null}},"10":{"start":{"line":23,"column":15},"end":{"line":32,"column":2}}},"fnMap":{},"branchMap":{},"s":{"0":0,"1":0,"2":0,"3":0,"4":0,"5":0,"6":0,"7":0,"8":0,"9":0,"10":0},"f":{},"b":{}},"/Users/brucelee/Documents/GitHub/family-tree/src/components/ui/scroll-area.tsx":{"path":"/Users/brucelee/Documents/GitHub/family-tree/src/components/ui/scroll-area.tsx","statementMap":{"0":{"start":{"line":48,"column":9},"end":{"line":48,"column":19}},"1":{"start":{"line":48,"column":21},"end":{"line":48,"column":30}},"2":{"start":{"line":3,"column":23},"end":{"line":3,"column":null}},"3":{"start":{"line":4,"column":37},"end":{"line":4,"column":null}},"4":{"start":{"line":6,"column":19},"end":{"line":6,"column":null}},"5":{"start":{"line":24,"column":0},"end":{"line":24,"column":null}},"6":{"start":{"line":46,"column":0},"end":{"line":46,"column":null}}},"fnMap":{},"branchMap":{"0":{"loc":{"start":{"line":29,"column":16},"end":{"line":29,"column":40}},"type":"default-arg","locations":[{"start":{"line":29,"column":30},"end":{"line":29,"column":40}}]},"1":{"loc":{"start":{"line":35,"column":6},"end":{"line":36,"column":null}},"type":"binary-expr","locations":[{"start":{"line":35,"column":6},"end":{"line":35,"column":null}},{"start":{"line":36,"column":8},"end":{"line":36,"column":null}}]},"2":{"loc":{"start":{"line":37,"column":6},"end":{"line":38,"column":null}},"type":"binary-expr","locations":[{"start":{"line":37,"column":6},"end":{"line":37,"column":null}},{"start":{"line":38,"column":8},"end":{"line":38,"column":null}}]}},"s":{"0":0,"1":0,"2":0,"3":0,"4":0,"5":0,"6":0},"f":{},"b":{"0":[0],"1":[0,0],"2":[0,0]}},"/Users/brucelee/Documents/GitHub/family-tree/src/components/starwind/dialog/Dialog.tsx":{"path":"/Users/brucelee/Documents/GitHub/family-tree/src/components/starwind/dialog/Dialog.tsx","statementMap":{"0":{"start":{"line":119,"column":2},"end":{"line":119,"column":8}},"1":{"start":{"line":123,"column":2},"end":{"line":123,"column":13}},"2":{"start":{"line":124,"column":2},"end":{"line":124,"column":15}},"3":{"start":{"line":128,"column":2},"end":{"line":128,"column":19}},"4":{"start":{"line":126,"column":2},"end":{"line":126,"column":14}},"5":{"start":{"line":125,"column":2},"end":{"line":125,"column":14}},"6":{"start":{"line":121,"column":2},"end":{"line":121,"column":15}},"7":{"start":{"line":120,"column":2},"end":{"line":120,"column":14}},"8":{"start":{"line":127,"column":2},"end":{"line":127,"column":13}},"9":{"start":{"line":122,"column":2},"end":{"line":122,"column":15}},"10":{"start":{"line":3,"column":23},"end":{"line":3,"column":null}},"11":{"start":{"line":4,"column":33},"end":{"line":4,"column":null}},"12":{"start":{"line":5,"column":18},"end":{"line":5,"column":null}},"13":{"start":{"line":6,"column":19},"end":{"line":6,"column":null}},"14":{"start":{"line":9,"column":22},"end":{"line":11,"column":null}},"15":{"start":{"line":13,"column":22},"end":{"line":19,"column":null}},"16":{"start":{"line":22,"column":15},"end":{"line":22,"column":35}},"17":{"start":{"line":25,"column":22},"end":{"line":25,"column":45}},"18":{"start":{"line":28,"column":21},"end":{"line":28,"column":43}},"19":{"start":{"line":31,"column":20},"end":{"line":31,"column":41}},"20":{"start":{"line":44,"column":0},"end":{"line":44,"column":null}},"21":{"start":{"line":66,"column":0},"end":{"line":66,"column":null}},"22":{"start":{"line":78,"column":0},"end":{"line":78,"column":null}},"23":{"start":{"line":90,"column":0},"end":{"line":90,"column":null}},"24":{"start":{"line":103,"column":0},"end":{"line":103,"column":null}},"25":{"start":{"line":116,"column":0},"end":{"line":116,"column":null}}},"fnMap":{},"branchMap":{"0":{"loc":{"start":{"line":74,"column":69},"end":{"line":74,"column":85}},"type":"binary-expr","locations":[{"start":{"line":74,"column":69},"end":{"line":74,"column":82}},{"start":{"line":74,"column":82},"end":{"line":74,"column":85}}]},"1":{"loc":{"start":{"line":86,"column":80},"end":{"line":86,"column":96}},"type":"binary-expr","locations":[{"start":{"line":86,"column":80},"end":{"line":86,"column":93}},{"start":{"line":86,"column":93},"end":{"line":86,"column":96}}]},"2":{"loc":{"start":{"line":99,"column":68},"end":{"line":99,"column":84}},"type":"binary-expr","locations":[{"start":{"line":99,"column":68},"end":{"line":99,"column":81}},{"start":{"line":99,"column":81},"end":{"line":99,"column":84}}]},"3":{"loc":{"start":{"line":112,"column":48},"end":{"line":112,"column":64}},"type":"binary-expr","locations":[{"start":{"line":112,"column":48},"end":{"line":112,"column":61}},{"start":{"line":112,"column":61},"end":{"line":112,"column":64}}]}},"s":{"0":0,"1":0,"2":0,"3":0,"4":0,"5":0,"6":0,"7":0,"8":0,"9":0,"10":0,"11":0,"12":0,"13":0,"14":0,"15":0,"16":0,"17":0,"18":0,"19":0,"20":0,"21":0,"22":0,"23":0,"24":0,"25":0},"f":{},"b":{"0":[0,0],"1":[0,0],"2":[0,0],"3":[0,0]}},"/Users/brucelee/Documents/GitHub/family-tree/src/components/generator/BatchRelationshipSelector.tsx":{"path":"/Users/brucelee/Documents/GitHub/family-tree/src/components/generator/BatchRelationshipSelector.tsx","statementMap":{"0":{"start":{"line":222,"column":0},"end":{"line":222,"column":15}},"1":{"start":{"line":3,"column":32},"end":{"line":3,"column":null}},"2":{"start":{"line":4,"column":51},"end":{"line":4,"column":null}},"3":{"start":{"line":5,"column":23},"end":{"line":5,"column":null}},"4":{"start":{"line":6,"column":79},"end":{"line":6,"column":null}},"5":{"start":{"line":7,"column":78},"end":{"line":7,"column":null}},"6":{"start":{"line":8,"column":22},"end":{"line":8,"column":null}},"7":{"start":{"line":9,"column":22},"end":{"line":9,"column":null}},"8":{"start":{"line":10,"column":25},"end":{"line":10,"column":null}},"9":{"start":{"line":11,"column":27},"end":{"line":11,"column":null}},"10":{"start":{"line":12,"column":42},"end":{"line":12,"column":null}},"11":{"start":{"line":13,"column":22},"end":{"line":13,"column":null}},"12":{"start":{"line":23,"column":76},"end":{"line":220,"column":null}},"13":{"start":{"line":31,"column":42},"end":{"line":31,"column":null}},"14":{"start":{"line":32,"column":40},"end":{"line":32,"column":null}},"15":{"start":{"line":35,"column":52},"end":{"line":35,"column":null}},"16":{"start":{"line":38,"column":26},"end":{"line":51,"column":null}},"17":{"start":{"line":40,"column":4},"end":{"line":40,"column":null}},"18":{"start":{"line":40,"column":28},"end":{"line":40,"column":null}},"19":{"start":{"line":43,"column":4},"end":{"line":43,"column":null}},"20":{"start":{"line":43,"column":31},"end":{"line":43,"column":null}},"21":{"start":{"line":46,"column":24},"end":{"line":47,"column":null}},"22":{"start":{"line":47,"column":11},"end":{"line":47,"column":null}},"23":{"start":{"line":50,"column":4},"end":{"line":50,"column":null}},"24":{"start":{"line":54,"column":29},"end":{"line":60,"column":null}},"25":{"start":{"line":55,"column":4},"end":{"line":58,"column":null}},"26":{"start":{"line":56,"column":6},"end":{"line":58,"column":null}},"27":{"start":{"line":57,"column":28},"end":{"line":57,"column":null}},"28":{"start":{"line":63,"column":23},"end":{"line":75,"column":null}},"29":{"start":{"line":64,"column":4},"end":{"line":74,"column":null}},"30":{"start":{"line":65,"column":44},"end":{"line":69,"column":null}},"31":{"start":{"line":65,"column":79},"end":{"line":69,"column":null}},"32":{"start":{"line":71,"column":6},"end":{"line":71,"column":null}},"33":{"start":{"line":72,"column":6},"end":{"line":72,"column":null}},"34":{"start":{"line":73,"column":6},"end":{"line":73,"column":null}},"35":{"start":{"line":78,"column":20},"end":{"line":82,"column":null}},"36":{"start":{"line":79,"column":4},"end":{"line":79,"column":null}},"37":{"start":{"line":80,"column":4},"end":{"line":80,"column":null}},"38":{"start":{"line":81,"column":4},"end":{"line":81,"column":null}},"39":{"start":{"line":85,"column":30},"end":{"line":91,"column":null}},"40":{"start":{"line":95,"column":6},"end":{"line":98,"column":null}},"41":{"start":{"line":96,"column":8},"end":{"line":96,"column":null}},"42":{"start":{"line":97,"column":8},"end":{"line":97,"column":null}},"43":{"start":{"line":122,"column":20},"end":{"line":122,"column":null}},"44":{"start":{"line":123,"column":20},"end":{"line":123,"column":null}},"45":{"start":{"line":131,"column":22},"end":{"line":131,"column":53}},"46":{"start":{"line":147,"column":35},"end":{"line":147,"column":null}},"47":{"start":{"line":160,"column":47},"end":{"line":160,"column":null}},"48":{"start":{"line":160,"column":74},"end":{"line":160,"column":null}},"49":{"start":{"line":161,"column":24},"end":{"line":162,"column":42}},"50":{"start":{"line":166,"column":45},"end":{"line":166,"column":null}},"51":{"start":{"line":182,"column":24},"end":{"line":182,"column":40}},"52":{"start":{"line":186,"column":51},"end":{"line":186,"column":null}},"53":{"start":{"line":222,"column":15},"end":{"line":222,"column":null}}},"fnMap":{"0":{"name":"(anonymous_4)","decl":{"start":{"line":23,"column":76},"end":{"line":23,"column":77}},"loc":{"start":{"line":29,"column":1},"end":{"line":220,"column":null}}},"1":{"name":"(anonymous_5)","decl":{"start":{"line":38,"column":50},"end":{"line":38,"column":null}},"loc":{"start":{"line":38,"column":50},"end":{"line":51,"column":null}}},"2":{"name":"(anonymous_6)","decl":{"start":{"line":47,"column":6},"end":{"line":47,"column":11}},"loc":{"start":{"line":47,"column":11},"end":{"line":47,"column":null}}},"3":{"name":"(anonymous_7)","decl":{"start":{"line":54,"column":29},"end":{"line":54,"column":30}},"loc":{"start":{"line":54,"column":30},"end":{"line":60,"column":null}}},"4":{"name":"(anonymous_8)","decl":{"start":{"line":55,"column":25},"end":{"line":55,"column":null}},"loc":{"start":{"line":56,"column":6},"end":{"line":58,"column":null}}},"5":{"name":"(anonymous_9)","decl":{"start":{"line":57,"column":22},"end":{"line":57,"column":28}},"loc":{"start":{"line":57,"column":28},"end":{"line":57,"column":null}}},"6":{"name":"(anonymous_10)","decl":{"start":{"line":63,"column":23},"end":{"line":63,"column":null}},"loc":{"start":{"line":63,"column":23},"end":{"line":75,"column":null}}},"7":{"name":"(anonymous_11)","decl":{"start":{"line":65,"column":66},"end":{"line":65,"column":79}},"loc":{"start":{"line":65,"column":79},"end":{"line":69,"column":null}}},"8":{"name":"(anonymous_12)","decl":{"start":{"line":78,"column":20},"end":{"line":78,"column":null}},"loc":{"start":{"line":78,"column":20},"end":{"line":82,"column":null}}},"9":{"name":"(anonymous_13)","decl":{"start":{"line":94,"column":40},"end":{"line":94,"column":41}},"loc":{"start":{"line":94,"column":41},"end":{"line":99,"column":null}}},"10":{"name":"(anonymous_14)","decl":{"start":{"line":121,"column":33},"end":{"line":121,"column":34}},"loc":{"start":{"line":121,"column":34},"end":{"line":124,"column":null}}},"11":{"name":"(anonymous_15)","decl":{"start":{"line":130,"column":45},"end":{"line":130,"column":null}},"loc":{"start":{"line":131,"column":22},"end":{"line":131,"column":53}}},"12":{"name":"(anonymous_16)","decl":{"start":{"line":147,"column":28},"end":{"line":147,"column":29}},"loc":{"start":{"line":147,"column":35},"end":{"line":147,"column":null}}},"13":{"name":"(anonymous_17)","decl":{"start":{"line":159,"column":44},"end":{"line":159,"column":null}},"loc":{"start":{"line":159,"column":44},"end":{"line":174,"column":null}}},"14":{"name":"(anonymous_18)","decl":{"start":{"line":160,"column":69},"end":{"line":160,"column":74}},"loc":{"start":{"line":160,"column":74},"end":{"line":160,"column":null}}},"15":{"name":"(anonymous_19)","decl":{"start":{"line":166,"column":39},"end":{"line":166,"column":45}},"loc":{"start":{"line":166,"column":45},"end":{"line":166,"column":null}}},"16":{"name":"(anonymous_20)","decl":{"start":{"line":181,"column":43},"end":{"line":181,"column":null}},"loc":{"start":{"line":182,"column":24},"end":{"line":182,"column":40}}},"17":{"name":"(anonymous_21)","decl":{"start":{"line":186,"column":45},"end":{"line":186,"column":51}},"loc":{"start":{"line":186,"column":51},"end":{"line":186,"column":null}}}},"branchMap":{"0":{"loc":{"start":{"line":40,"column":4},"end":{"line":40,"column":null}},"type":"if","locations":[{"start":{"line":40,"column":4},"end":{"line":40,"column":null}}]},"1":{"loc":{"start":{"line":43,"column":4},"end":{"line":43,"column":null}},"type":"if","locations":[{"start":{"line":43,"column":4},"end":{"line":43,"column":null}}]},"2":{"loc":{"start":{"line":47,"column":11},"end":{"line":47,"column":null}},"type":"binary-expr","locations":[{"start":{"line":47,"column":11},"end":{"line":47,"column":30}},{"start":{"line":47,"column":34},"end":{"line":47,"column":null}}]},"3":{"loc":{"start":{"line":56,"column":6},"end":{"line":58,"column":null}},"type":"cond-expr","locations":[{"start":{"line":57,"column":10},"end":{"line":57,"column":null}},{"start":{"line":58,"column":10},"end":{"line":58,"column":null}}]},"4":{"loc":{"start":{"line":64,"column":4},"end":{"line":74,"column":null}},"type":"if","locations":[{"start":{"line":64,"column":4},"end":{"line":74,"column":null}}]},"5":{"loc":{"start":{"line":68,"column":21},"end":{"line":68,"column":null}},"type":"binary-expr","locations":[{"start":{"line":68,"column":21},"end":{"line":68,"column":36}},{"start":{"line":68,"column":36},"end":{"line":68,"column":null}}]},"6":{"loc":{"start":{"line":95,"column":6},"end":{"line":98,"column":null}},"type":"if","locations":[{"start":{"line":95,"column":6},"end":{"line":98,"column":null}}]},"7":{"loc":{"start":{"line":110,"column":12},"end":{"line":114,"column":null}},"type":"cond-expr","locations":[{"start":{"line":110,"column":12},"end":{"line":114,"column":null}}]},"8":{"loc":{"start":{"line":159,"column":22},"end":{"line":174,"column":null}},"type":"cond-expr","locations":[{"start":{"line":159,"column":22},"end":{"line":174,"column":null}}]},"9":{"loc":{"start":{"line":210,"column":22},"end":{"line":210,"column":null}},"type":"binary-expr","locations":[{"start":{"line":210,"column":22},"end":{"line":210,"column":56}},{"start":{"line":210,"column":56},"end":{"line":210,"column":null}}]},"10":{"loc":{"start":{"line":214,"column":56},"end":{"line":214,"column":null}},"type":"cond-expr","locations":[{"start":{"line":214,"column":89},"end":{"line":214,"column":95}},{"start":{"line":214,"column":95},"end":{"line":214,"column":null}}]}},"s":{"0":0,"1":0,"2":0,"3":0,"4":0,"5":0,"6":0,"7":0,"8":0,"9":0,"10":0,"11":0,"12":0,"13":0,"14":0,"15":0,"16":0,"17":0,"18":0,"19":0,"20":0,"21":0,"22":0,"23":0,"24":0,"25":0,"26":0,"27":0,"28":0,"29":0,"30":0,"31":0,"32":0,"33":0,"34":0,"35":0,"36":0,"37":0,"38":0,"39":0,"40":0,"41":0,"42":0,"43":0,"44":0,"45":0,"46":0,"47":0,"48":0,"49":0,"50":0,"51":0,"52":0,"53":0},"f":{"0":0,"1":0,"2":0,"3":0,"4":0,"5":0,"6":0,"7":0,"8":0,"9":0,"10":0,"11":0,"12":0,"13":0,"14":0,"15":0,"16":0,"17":0},"b":{"0":[0],"1":[0],"2":[0,0],"3":[0,0],"4":[0],"5":[0,0],"6":[0],"7":[0],"8":[0],"9":[0,0],"10":[0,0]}}}}
